mode: set
github.com/niiniyare/ruun/pkg/schema/action.go:125.63,127.2 1 0
github.com/niiniyare/ruun/pkg/schema/action.go:130.54,132.2 1 0
github.com/niiniyare/ruun/pkg/schema/action.go:135.54,138.16 2 1
github.com/niiniyare/ruun/pkg/schema/action.go:138.16,140.3 1 0
github.com/niiniyare/ruun/pkg/schema/action.go:141.2,141.18 1 1
github.com/niiniyare/ruun/pkg/schema/action.go:141.18,143.3 1 0
github.com/niiniyare/ruun/pkg/schema/action.go:144.2,144.18 1 1
github.com/niiniyare/ruun/pkg/schema/action.go:144.18,146.3 1 0
github.com/niiniyare/ruun/pkg/schema/action.go:149.2,149.26 1 1
github.com/niiniyare/ruun/pkg/schema/action.go:149.26,150.44 1 0
github.com/niiniyare/ruun/pkg/schema/action.go:150.44,155.4 1 0
github.com/niiniyare/ruun/pkg/schema/action.go:159.2,159.28 1 1
github.com/niiniyare/ruun/pkg/schema/action.go:159.28,160.48 1 0
github.com/niiniyare/ruun/pkg/schema/action.go:160.48,165.4 1 0
github.com/niiniyare/ruun/pkg/schema/action.go:169.2,169.43 1 1
github.com/niiniyare/ruun/pkg/schema/action.go:169.43,170.30 1 0
github.com/niiniyare/ruun/pkg/schema/action.go:170.30,175.4 1 0
github.com/niiniyare/ruun/pkg/schema/action.go:178.2,178.27 1 1
github.com/niiniyare/ruun/pkg/schema/action.go:178.27,180.3 1 0
github.com/niiniyare/ruun/pkg/schema/action.go:182.2,182.12 1 1
github.com/niiniyare/ruun/pkg/schema/action.go:186.84,187.14 1 0
github.com/niiniyare/ruun/pkg/schema/action.go:187.14,189.3 1 0
github.com/niiniyare/ruun/pkg/schema/action.go:192.2,192.46 1 0
github.com/niiniyare/ruun/pkg/schema/action.go:192.46,195.17 3 0
github.com/niiniyare/ruun/pkg/schema/action.go:195.17,197.4 1 0
github.com/niiniyare/ruun/pkg/schema/action.go:198.3,198.21 1 0
github.com/niiniyare/ruun/pkg/schema/action.go:202.2,202.26 1 0
github.com/niiniyare/ruun/pkg/schema/action.go:202.26,205.3 1 0
github.com/niiniyare/ruun/pkg/schema/action.go:207.2,207.18 1 0
github.com/niiniyare/ruun/pkg/schema/action.go:211.35,213.2 1 0
github.com/niiniyare/ruun/pkg/schema/action.go:216.43,217.19 1 0
github.com/niiniyare/ruun/pkg/schema/action.go:218.65,219.31 1 0
github.com/niiniyare/ruun/pkg/schema/action.go:220.10,221.26 1 0
github.com/niiniyare/ruun/pkg/schema/action.go:222.10,223.26 1 0
github.com/niiniyare/ruun/pkg/schema/action.go:228.40,229.16 1 0
github.com/niiniyare/ruun/pkg/schema/action.go:230.30,231.28 1 0
github.com/niiniyare/ruun/pkg/schema/action.go:232.10,233.21 1 0
github.com/niiniyare/ruun/pkg/schema/action.go:234.10,235.21 1 0
github.com/niiniyare/ruun/pkg/schema/action.go:240.43,241.22 1 0
github.com/niiniyare/ruun/pkg/schema/action.go:241.22,243.3 1 0
github.com/niiniyare/ruun/pkg/schema/action.go:244.2,244.15 1 0
github.com/niiniyare/ruun/pkg/schema/action.go:248.33,250.2 1 0
github.com/niiniyare/ruun/pkg/schema/action.go:253.41,255.2 1 0
github.com/niiniyare/ruun/pkg/schema/action.go:258.61,259.26 1 0
github.com/niiniyare/ruun/pkg/schema/action.go:259.26,261.3 1 0
github.com/niiniyare/ruun/pkg/schema/action.go:262.2,262.43 1 0
github.com/niiniyare/ruun/pkg/schema/action.go:262.43,263.22 1 0
github.com/niiniyare/ruun/pkg/schema/action.go:263.22,265.4 1 0
github.com/niiniyare/ruun/pkg/schema/action.go:267.2,267.14 1 0
github.com/niiniyare/ruun/pkg/schema/action.go:271.51,272.58 1 0
github.com/niiniyare/ruun/pkg/schema/action.go:272.58,274.3 1 0
github.com/niiniyare/ruun/pkg/schema/action.go:276.2,276.33 1 0
github.com/niiniyare/ruun/pkg/schema/action.go:276.33,277.50 1 0
github.com/niiniyare/ruun/pkg/schema/action.go:277.50,278.27 1 0
github.com/niiniyare/ruun/pkg/schema/action.go:278.27,280.5 1 0
github.com/niiniyare/ruun/pkg/schema/action.go:283.2,283.14 1 0
github.com/niiniyare/ruun/pkg/schema/action.go:287.54,288.61 1 0
github.com/niiniyare/ruun/pkg/schema/action.go:288.61,290.3 1 0
github.com/niiniyare/ruun/pkg/schema/action.go:292.2,292.33 1 0
github.com/niiniyare/ruun/pkg/schema/action.go:292.33,293.53 1 0
github.com/niiniyare/ruun/pkg/schema/action.go:293.53,294.27 1 0
github.com/niiniyare/ruun/pkg/schema/action.go:294.27,296.5 1 0
github.com/niiniyare/ruun/pkg/schema/action.go:299.2,299.14 1 0
github.com/niiniyare/ruun/pkg/schema/action.go:303.34,307.2 3 0
github.com/niiniyare/ruun/pkg/schema/action.go:310.43,311.18 1 0
github.com/niiniyare/ruun/pkg/schema/action.go:311.18,313.3 1 0
github.com/niiniyare/ruun/pkg/schema/action.go:316.2,316.20 1 0
github.com/niiniyare/ruun/pkg/schema/action.go:316.20,318.3 1 0
github.com/niiniyare/ruun/pkg/schema/action.go:324.44,325.21 1 0
github.com/niiniyare/ruun/pkg/schema/action.go:325.21,327.3 1 0
github.com/niiniyare/ruun/pkg/schema/action.go:328.2,328.17 1 0
github.com/niiniyare/ruun/pkg/schema/action.go:332.43,334.2 1 0
github.com/niiniyare/ruun/pkg/schema/action.go:337.45,339.2 1 0
github.com/niiniyare/ruun/pkg/schema/action.go:342.41,344.2 1 0
github.com/niiniyare/ruun/pkg/schema/action.go:347.46,348.19 1 0
github.com/niiniyare/ruun/pkg/schema/action.go:348.19,350.3 1 0
github.com/niiniyare/ruun/pkg/schema/action.go:351.2,351.15 1 0
github.com/niiniyare/ruun/pkg/schema/action.go:355.50,356.21 1 0
github.com/niiniyare/ruun/pkg/schema/action.go:356.21,358.3 1 0
github.com/niiniyare/ruun/pkg/schema/action.go:359.2,359.17 1 0
github.com/niiniyare/ruun/pkg/schema/action.go:363.40,365.2 1 0
github.com/niiniyare/ruun/pkg/schema/action.go:368.39,370.2 1 0
github.com/niiniyare/ruun/pkg/schema/action.go:373.38,375.2 1 0
github.com/niiniyare/ruun/pkg/schema/action.go:378.40,380.2 1 0
github.com/niiniyare/ruun/pkg/schema/action.go:383.34,384.45 1 0
github.com/niiniyare/ruun/pkg/schema/action.go:384.45,386.3 1 0
github.com/niiniyare/ruun/pkg/schema/action.go:387.2,387.19 1 0
github.com/niiniyare/ruun/pkg/schema/action.go:387.19,389.3 1 0
github.com/niiniyare/ruun/pkg/schema/action.go:390.2,390.11 1 0
github.com/niiniyare/ruun/pkg/schema/action.go:394.41,395.42 1 0
github.com/niiniyare/ruun/pkg/schema/action.go:395.42,397.3 1 0
github.com/niiniyare/ruun/pkg/schema/action.go:398.2,398.28 1 0
github.com/niiniyare/ruun/pkg/schema/action.go:398.28,400.3 1 0
github.com/niiniyare/ruun/pkg/schema/action.go:401.2,401.14 1 0
github.com/niiniyare/ruun/pkg/schema/action.go:405.40,407.2 1 0
github.com/niiniyare/ruun/pkg/schema/action.go:410.41,411.21 1 0
github.com/niiniyare/ruun/pkg/schema/action.go:411.21,413.3 1 0
github.com/niiniyare/ruun/pkg/schema/action.go:414.2,414.10 1 0
github.com/niiniyare/ruun/pkg/schema/action.go:418.40,420.2 1 0
github.com/niiniyare/ruun/pkg/schema/action.go:423.41,424.21 1 0
github.com/niiniyare/ruun/pkg/schema/action.go:424.21,426.3 1 0
github.com/niiniyare/ruun/pkg/schema/action.go:427.2,427.10 1 0
github.com/niiniyare/ruun/pkg/schema/action.go:437.78,445.2 1 0
github.com/niiniyare/ruun/pkg/schema/action.go:448.69,451.2 2 0
github.com/niiniyare/ruun/pkg/schema/action.go:454.63,457.2 2 0
github.com/niiniyare/ruun/pkg/schema/action.go:460.80,464.2 3 0
github.com/niiniyare/ruun/pkg/schema/action.go:467.74,470.2 2 0
github.com/niiniyare/ruun/pkg/schema/action.go:473.88,480.2 2 0
github.com/niiniyare/ruun/pkg/schema/action.go:483.89,486.2 2 0
github.com/niiniyare/ruun/pkg/schema/action.go:489.92,492.2 2 0
github.com/niiniyare/ruun/pkg/schema/action.go:495.87,498.2 2 0
github.com/niiniyare/ruun/pkg/schema/action.go:501.52,504.2 2 0
github.com/niiniyare/ruun/pkg/schema/action.go:507.50,510.2 2 0
github.com/niiniyare/ruun/pkg/schema/action.go:513.42,514.25 1 0
github.com/niiniyare/ruun/pkg/schema/action.go:514.25,516.3 1 0
github.com/niiniyare/ruun/pkg/schema/action.go:517.2,517.18 1 0
github.com/niiniyare/ruun/pkg/schema/action.go:523.54,525.2 1 0
github.com/niiniyare/ruun/pkg/schema/action.go:528.53,530.2 1 0
github.com/niiniyare/ruun/pkg/schema/action.go:533.54,535.2 1 0
github.com/niiniyare/ruun/pkg/schema/action.go:538.54,542.2 1 0
github.com/niiniyare/ruun/pkg/schema/builder.go:21.68,28.2 1 0
github.com/niiniyare/ruun/pkg/schema/builder.go:31.74,34.2 2 0
github.com/niiniyare/ruun/pkg/schema/builder.go:37.57,40.2 2 0
github.com/niiniyare/ruun/pkg/schema/builder.go:43.56,46.2 2 0
github.com/niiniyare/ruun/pkg/schema/builder.go:49.58,52.2 2 0
github.com/niiniyare/ruun/pkg/schema/builder.go:55.54,58.2 2 0
github.com/niiniyare/ruun/pkg/schema/builder.go:61.53,64.2 2 0
github.com/niiniyare/ruun/pkg/schema/builder.go:67.55,70.2 2 0
github.com/niiniyare/ruun/pkg/schema/builder.go:73.55,76.2 2 0
github.com/niiniyare/ruun/pkg/schema/builder.go:79.64,86.2 2 0
github.com/niiniyare/ruun/pkg/schema/builder.go:89.61,92.2 2 0
github.com/niiniyare/ruun/pkg/schema/builder.go:95.39,96.30 1 0
github.com/niiniyare/ruun/pkg/schema/builder.go:96.30,98.3 1 0
github.com/niiniyare/ruun/pkg/schema/builder.go:99.2,104.10 2 0
github.com/niiniyare/ruun/pkg/schema/builder.go:108.80,109.30 1 0
github.com/niiniyare/ruun/pkg/schema/builder.go:109.30,111.3 1 0
github.com/niiniyare/ruun/pkg/schema/builder.go:112.2,117.10 2 0
github.com/niiniyare/ruun/pkg/schema/builder.go:121.58,129.2 2 0
github.com/niiniyare/ruun/pkg/schema/builder.go:132.53,138.2 2 0
github.com/niiniyare/ruun/pkg/schema/builder.go:141.80,148.2 2 0
github.com/niiniyare/ruun/pkg/schema/builder.go:151.76,158.24 2 0
github.com/niiniyare/ruun/pkg/schema/builder.go:158.24,160.3 1 0
github.com/niiniyare/ruun/pkg/schema/builder.go:161.2,162.10 2 0
github.com/niiniyare/ruun/pkg/schema/builder.go:166.77,173.24 2 0
github.com/niiniyare/ruun/pkg/schema/builder.go:173.24,175.3 1 0
github.com/niiniyare/ruun/pkg/schema/builder.go:176.2,177.10 2 0
github.com/niiniyare/ruun/pkg/schema/builder.go:181.80,188.24 2 0
github.com/niiniyare/ruun/pkg/schema/builder.go:188.24,190.3 1 0
github.com/niiniyare/ruun/pkg/schema/builder.go:191.2,192.10 2 0
github.com/niiniyare/ruun/pkg/schema/builder.go:196.97,203.30 2 0
github.com/niiniyare/ruun/pkg/schema/builder.go:203.30,208.3 1 0
github.com/niiniyare/ruun/pkg/schema/builder.go:209.2,209.24 1 0
github.com/niiniyare/ruun/pkg/schema/builder.go:209.24,211.3 1 0
github.com/niiniyare/ruun/pkg/schema/builder.go:212.2,213.10 2 0
github.com/niiniyare/ruun/pkg/schema/builder.go:217.96,225.24 2 0
github.com/niiniyare/ruun/pkg/schema/builder.go:225.24,227.3 1 0
github.com/niiniyare/ruun/pkg/schema/builder.go:228.2,229.10 2 0
github.com/niiniyare/ruun/pkg/schema/builder.go:233.90,240.14 2 0
github.com/niiniyare/ruun/pkg/schema/builder.go:240.14,242.3 1 0
github.com/niiniyare/ruun/pkg/schema/builder.go:243.2,243.24 1 0
github.com/niiniyare/ruun/pkg/schema/builder.go:243.24,245.3 1 0
github.com/niiniyare/ruun/pkg/schema/builder.go:246.2,247.10 2 0
github.com/niiniyare/ruun/pkg/schema/builder.go:251.84,258.24 2 0
github.com/niiniyare/ruun/pkg/schema/builder.go:258.24,260.3 1 0
github.com/niiniyare/ruun/pkg/schema/builder.go:261.2,262.10 2 0
github.com/niiniyare/ruun/pkg/schema/builder.go:266.76,273.24 2 0
github.com/niiniyare/ruun/pkg/schema/builder.go:273.24,275.3 1 0
github.com/niiniyare/ruun/pkg/schema/builder.go:276.2,277.10 2 0
github.com/niiniyare/ruun/pkg/schema/builder.go:281.60,282.24 1 0
github.com/niiniyare/ruun/pkg/schema/builder.go:282.24,284.3 1 0
github.com/niiniyare/ruun/pkg/schema/builder.go:285.2,286.10 2 0
github.com/niiniyare/ruun/pkg/schema/builder.go:290.57,299.2 2 0
github.com/niiniyare/ruun/pkg/schema/builder.go:302.56,311.2 2 0
github.com/niiniyare/ruun/pkg/schema/builder.go:314.64,323.2 2 0
github.com/niiniyare/ruun/pkg/schema/builder.go:326.63,329.2 2 0
github.com/niiniyare/ruun/pkg/schema/builder.go:332.44,334.24 1 0
github.com/niiniyare/ruun/pkg/schema/builder.go:334.24,335.34 1 0
github.com/niiniyare/ruun/pkg/schema/builder.go:335.34,337.4 1 0
github.com/niiniyare/ruun/pkg/schema/builder.go:341.2,341.44 1 0
github.com/niiniyare/ruun/pkg/schema/builder.go:341.44,343.3 1 0
github.com/niiniyare/ruun/pkg/schema/builder.go:344.2,344.22 1 0
github.com/niiniyare/ruun/pkg/schema/builder.go:348.39,350.16 2 0
github.com/niiniyare/ruun/pkg/schema/builder.go:350.16,351.13 1 0
github.com/niiniyare/ruun/pkg/schema/builder.go:353.2,353.15 1 0
github.com/niiniyare/ruun/pkg/schema/builder.go:357.54,358.99 1 0
github.com/niiniyare/ruun/pkg/schema/builder.go:358.99,360.27 1 0
github.com/niiniyare/ruun/pkg/schema/builder.go:360.27,362.4 1 0
github.com/niiniyare/ruun/pkg/schema/builder.go:362.9,362.45 1 0
github.com/niiniyare/ruun/pkg/schema/builder.go:362.45,364.4 1 0
github.com/niiniyare/ruun/pkg/schema/builder.go:365.3,365.82 1 0
github.com/niiniyare/ruun/pkg/schema/builder.go:365.82,366.53 1 0
github.com/niiniyare/ruun/pkg/schema/builder.go:366.53,368.5 1 0
github.com/niiniyare/ruun/pkg/schema/builder.go:369.9,371.4 1 0
github.com/niiniyare/ruun/pkg/schema/builder.go:373.2,373.10 1 0
github.com/niiniyare/ruun/pkg/schema/builder.go:377.58,378.55 1 0
github.com/niiniyare/ruun/pkg/schema/builder.go:378.55,380.3 1 0
github.com/niiniyare/ruun/pkg/schema/builder.go:381.2,381.10 1 0
github.com/niiniyare/ruun/pkg/schema/builder.go:385.67,386.24 1 0
github.com/niiniyare/ruun/pkg/schema/builder.go:386.24,388.3 1 0
github.com/niiniyare/ruun/pkg/schema/builder.go:389.2,390.10 2 0
github.com/niiniyare/ruun/pkg/schema/builder.go:394.90,397.2 2 0
github.com/niiniyare/ruun/pkg/schema/builder.go:400.95,403.2 2 0
github.com/niiniyare/ruun/pkg/schema/builder.go:406.83,409.2 2 0
github.com/niiniyare/ruun/pkg/schema/builder.go:412.53,414.2 1 0
github.com/niiniyare/ruun/pkg/schema/builder.go:417.72,419.2 1 0
github.com/niiniyare/ruun/pkg/schema/builder.go:422.65,425.2 2 0
github.com/niiniyare/ruun/pkg/schema/builder.go:428.86,429.50 1 0
github.com/niiniyare/ruun/pkg/schema/builder.go:429.50,431.3 1 0
github.com/niiniyare/ruun/pkg/schema/builder.go:432.2,432.10 1 0
github.com/niiniyare/ruun/pkg/schema/builder.go:436.63,438.2 1 0
github.com/niiniyare/ruun/pkg/schema/builder.go:441.97,443.2 1 0
github.com/niiniyare/ruun/pkg/schema/builder.go:446.93,449.16 2 0
github.com/niiniyare/ruun/pkg/schema/builder.go:449.16,451.3 1 0
github.com/niiniyare/ruun/pkg/schema/builder.go:454.2,454.51 1 0
github.com/niiniyare/ruun/pkg/schema/builder.go:460.41,467.2 1 0
github.com/niiniyare/ruun/pkg/schema/builder.go:470.39,475.2 1 0
github.com/niiniyare/ruun/pkg/schema/builder.go:478.42,483.2 1 0
github.com/niiniyare/ruun/pkg/schema/builder.go:486.53,493.2 1 0
github.com/niiniyare/ruun/pkg/schema/builder.go:496.47,501.2 1 0
github.com/niiniyare/ruun/pkg/schema/builder.go:504.61,510.2 1 0
github.com/niiniyare/ruun/pkg/schema/builder.go:513.61,519.2 1 0
github.com/niiniyare/ruun/pkg/schema/builder.go:530.63,537.2 1 0
github.com/niiniyare/ruun/pkg/schema/builder.go:540.63,543.2 2 0
github.com/niiniyare/ruun/pkg/schema/builder.go:546.68,549.2 2 0
github.com/niiniyare/ruun/pkg/schema/builder.go:552.75,555.2 2 0
github.com/niiniyare/ruun/pkg/schema/builder.go:558.61,561.2 2 0
github.com/niiniyare/ruun/pkg/schema/builder.go:564.50,567.2 2 0
github.com/niiniyare/ruun/pkg/schema/builder.go:570.50,573.2 2 0
github.com/niiniyare/ruun/pkg/schema/builder.go:576.50,579.2 2 0
github.com/niiniyare/ruun/pkg/schema/builder.go:582.62,585.2 2 0
github.com/niiniyare/ruun/pkg/schema/builder.go:588.69,591.2 2 0
github.com/niiniyare/ruun/pkg/schema/builder.go:594.83,597.2 2 0
github.com/niiniyare/ruun/pkg/schema/builder.go:600.85,603.2 2 0
github.com/niiniyare/ruun/pkg/schema/builder.go:606.39,607.25 1 0
github.com/niiniyare/ruun/pkg/schema/builder.go:607.25,609.3 1 0
github.com/niiniyare/ruun/pkg/schema/builder.go:610.2,610.17 1 0
github.com/niiniyare/ruun/pkg/schema/builder.go:616.39,661.2 16 0
github.com/niiniyare/ruun/pkg/schema/builder.go:664.39,682.128 6 0
github.com/niiniyare/ruun/pkg/schema/builder.go:682.128,685.3 1 0
github.com/niiniyare/ruun/pkg/schema/builder.go:687.2,689.16 2 0
github.com/niiniyare/ruun/pkg/schema/builder.go:693.39,711.2 6 0
github.com/niiniyare/ruun/pkg/schema/builder.go:714.44,734.79 9 0
github.com/niiniyare/ruun/pkg/schema/builder.go:734.79,737.4 1 0
github.com/niiniyare/ruun/pkg/schema/builder.go:740.2,745.79 1 0
github.com/niiniyare/ruun/pkg/schema/builder.go:745.79,748.4 1 0
github.com/niiniyare/ruun/pkg/schema/builder.go:751.2,754.16 3 0
github.com/niiniyare/ruun/pkg/schema/builder.go:758.36,815.2 14 0
github.com/niiniyare/ruun/pkg/schema/business_rules.go:109.50,153.2 3 0
github.com/niiniyare/ruun/pkg/schema/business_rules.go:156.66,157.17 1 0
github.com/niiniyare/ruun/pkg/schema/business_rules.go:157.17,159.3 1 0
github.com/niiniyare/ruun/pkg/schema/business_rules.go:161.2,161.47 1 0
github.com/niiniyare/ruun/pkg/schema/business_rules.go:161.47,163.3 1 0
github.com/niiniyare/ruun/pkg/schema/business_rules.go:165.2,169.29 4 0
github.com/niiniyare/ruun/pkg/schema/business_rules.go:169.29,171.3 1 0
github.com/niiniyare/ruun/pkg/schema/business_rules.go:172.2,175.12 3 0
github.com/niiniyare/ruun/pkg/schema/business_rules.go:179.64,183.45 3 0
github.com/niiniyare/ruun/pkg/schema/business_rules.go:183.45,185.3 1 0
github.com/niiniyare/ruun/pkg/schema/business_rules.go:187.2,188.12 2 0
github.com/niiniyare/ruun/pkg/schema/business_rules.go:192.77,198.2 4 0
github.com/niiniyare/ruun/pkg/schema/business_rules.go:201.60,206.33 4 0
github.com/niiniyare/ruun/pkg/schema/business_rules.go:206.33,208.3 1 0
github.com/niiniyare/ruun/pkg/schema/business_rules.go:209.2,209.14 1 0
github.com/niiniyare/ruun/pkg/schema/business_rules.go:213.118,226.39 6 0
github.com/niiniyare/ruun/pkg/schema/business_rules.go:226.39,227.20 1 0
github.com/niiniyare/ruun/pkg/schema/business_rules.go:227.20,228.12 1 0
github.com/niiniyare/ruun/pkg/schema/business_rules.go:232.3,233.17 2 0
github.com/niiniyare/ruun/pkg/schema/business_rules.go:233.17,235.12 2 0
github.com/niiniyare/ruun/pkg/schema/business_rules.go:238.3,238.18 1 0
github.com/niiniyare/ruun/pkg/schema/business_rules.go:238.18,239.80 1 0
github.com/niiniyare/ruun/pkg/schema/business_rules.go:239.80,240.47 1 0
github.com/niiniyare/ruun/pkg/schema/business_rules.go:240.47,242.6 1 0
github.com/niiniyare/ruun/pkg/schema/business_rules.go:242.11,244.6 1 0
github.com/niiniyare/ruun/pkg/schema/business_rules.go:249.2,249.27 1 0
github.com/niiniyare/ruun/pkg/schema/business_rules.go:249.27,251.3 1 0
github.com/niiniyare/ruun/pkg/schema/business_rules.go:253.2,253.28 1 0
github.com/niiniyare/ruun/pkg/schema/business_rules.go:257.71,264.29 4 0
github.com/niiniyare/ruun/pkg/schema/business_rules.go:264.29,265.29 1 0
github.com/niiniyare/ruun/pkg/schema/business_rules.go:265.29,267.4 1 0
github.com/niiniyare/ruun/pkg/schema/business_rules.go:270.2,270.14 1 0
github.com/niiniyare/ruun/pkg/schema/business_rules.go:274.71,277.19 2 0
github.com/niiniyare/ruun/pkg/schema/business_rules.go:277.19,279.3 1 0
github.com/niiniyare/ruun/pkg/schema/business_rules.go:281.2,281.21 1 0
github.com/niiniyare/ruun/pkg/schema/business_rules.go:281.21,283.3 1 0
github.com/niiniyare/ruun/pkg/schema/business_rules.go:285.2,285.21 1 0
github.com/niiniyare/ruun/pkg/schema/business_rules.go:285.21,287.3 1 0
github.com/niiniyare/ruun/pkg/schema/business_rules.go:289.2,289.28 1 0
github.com/niiniyare/ruun/pkg/schema/business_rules.go:289.28,291.3 1 0
github.com/niiniyare/ruun/pkg/schema/business_rules.go:294.2,294.38 1 0
github.com/niiniyare/ruun/pkg/schema/business_rules.go:294.38,295.24 1 0
github.com/niiniyare/ruun/pkg/schema/business_rules.go:295.24,297.4 1 0
github.com/niiniyare/ruun/pkg/schema/business_rules.go:300.3,300.22 1 0
github.com/niiniyare/ruun/pkg/schema/business_rules.go:301.82,302.27 1 0
github.com/niiniyare/ruun/pkg/schema/business_rules.go:302.27,304.5 1 0
github.com/niiniyare/ruun/pkg/schema/business_rules.go:305.42,306.27 1 0
github.com/niiniyare/ruun/pkg/schema/business_rules.go:306.27,308.5 1 0
github.com/niiniyare/ruun/pkg/schema/business_rules.go:312.2,312.27 1 0
github.com/niiniyare/ruun/pkg/schema/business_rules.go:312.27,314.3 1 0
github.com/niiniyare/ruun/pkg/schema/business_rules.go:316.2,316.12 1 0
github.com/niiniyare/ruun/pkg/schema/business_rules.go:320.69,322.33 2 0
github.com/niiniyare/ruun/pkg/schema/business_rules.go:322.33,324.3 1 0
github.com/niiniyare/ruun/pkg/schema/business_rules.go:327.2,327.40 1 0
github.com/niiniyare/ruun/pkg/schema/business_rules.go:327.40,329.3 1 0
github.com/niiniyare/ruun/pkg/schema/business_rules.go:331.2,331.14 1 0
github.com/niiniyare/ruun/pkg/schema/business_rules.go:335.130,336.27 1 0
github.com/niiniyare/ruun/pkg/schema/business_rules.go:336.27,338.3 1 0
github.com/niiniyare/ruun/pkg/schema/business_rules.go:340.2,341.61 2 0
github.com/niiniyare/ruun/pkg/schema/business_rules.go:345.133,348.38 2 0
github.com/niiniyare/ruun/pkg/schema/business_rules.go:348.38,349.68 1 0
github.com/niiniyare/ruun/pkg/schema/business_rules.go:349.68,355.4 1 0
github.com/niiniyare/ruun/pkg/schema/business_rules.go:358.2,358.27 1 0
github.com/niiniyare/ruun/pkg/schema/business_rules.go:358.27,360.3 1 0
github.com/niiniyare/ruun/pkg/schema/business_rules.go:362.2,362.12 1 0
github.com/niiniyare/ruun/pkg/schema/business_rules.go:366.135,367.21 1 0
github.com/niiniyare/ruun/pkg/schema/business_rules.go:368.23,369.61 1 0
github.com/niiniyare/ruun/pkg/schema/business_rules.go:371.23,372.62 1 0
github.com/niiniyare/ruun/pkg/schema/business_rules.go:374.26,375.59 1 0
github.com/niiniyare/ruun/pkg/schema/business_rules.go:377.27,378.60 1 0
github.com/niiniyare/ruun/pkg/schema/business_rules.go:380.24,381.66 1 0
github.com/niiniyare/ruun/pkg/schema/business_rules.go:383.24,384.49 1 0
github.com/niiniyare/ruun/pkg/schema/business_rules.go:384.49,386.4 1 0
github.com/niiniyare/ruun/pkg/schema/business_rules.go:387.3,387.80 1 0
github.com/niiniyare/ruun/pkg/schema/business_rules.go:389.23,390.82 1 0
github.com/niiniyare/ruun/pkg/schema/business_rules.go:392.24,393.62 1 0
github.com/niiniyare/ruun/pkg/schema/business_rules.go:395.24,396.63 1 0
github.com/niiniyare/ruun/pkg/schema/business_rules.go:398.26,399.59 1 0
github.com/niiniyare/ruun/pkg/schema/business_rules.go:401.27,402.60 1 0
github.com/niiniyare/ruun/pkg/schema/business_rules.go:404.10,405.108 1 0
github.com/niiniyare/ruun/pkg/schema/business_rules.go:410.105,411.31 1 0
github.com/niiniyare/ruun/pkg/schema/business_rules.go:411.31,412.41 1 0
github.com/niiniyare/ruun/pkg/schema/business_rules.go:412.41,415.4 2 0
github.com/niiniyare/ruun/pkg/schema/business_rules.go:417.2,417.92 1 0
github.com/niiniyare/ruun/pkg/schema/business_rules.go:420.104,421.31 1 0
github.com/niiniyare/ruun/pkg/schema/business_rules.go:421.31,422.41 1 0
github.com/niiniyare/ruun/pkg/schema/business_rules.go:422.41,425.4 2 0
github.com/niiniyare/ruun/pkg/schema/business_rules.go:427.2,427.92 1 0
github.com/niiniyare/ruun/pkg/schema/business_rules.go:430.106,431.31 1 0
github.com/niiniyare/ruun/pkg/schema/business_rules.go:431.31,432.41 1 0
github.com/niiniyare/ruun/pkg/schema/business_rules.go:432.41,435.4 2 0
github.com/niiniyare/ruun/pkg/schema/business_rules.go:437.2,437.92 1 0
github.com/niiniyare/ruun/pkg/schema/business_rules.go:440.106,441.31 1 0
github.com/niiniyare/ruun/pkg/schema/business_rules.go:441.31,442.41 1 0
github.com/niiniyare/ruun/pkg/schema/business_rules.go:442.41,445.4 2 0
github.com/niiniyare/ruun/pkg/schema/business_rules.go:447.2,447.92 1 0
github.com/niiniyare/ruun/pkg/schema/business_rules.go:450.157,452.13 2 0
github.com/niiniyare/ruun/pkg/schema/business_rules.go:452.13,454.3 1 0
github.com/niiniyare/ruun/pkg/schema/business_rules.go:457.2,457.31 1 0
github.com/niiniyare/ruun/pkg/schema/business_rules.go:457.31,458.41 1 0
github.com/niiniyare/ruun/pkg/schema/business_rules.go:458.41,463.38 2 0
github.com/niiniyare/ruun/pkg/schema/business_rules.go:463.38,465.5 1 0
github.com/niiniyare/ruun/pkg/schema/business_rules.go:466.4,473.14 3 0
github.com/niiniyare/ruun/pkg/schema/business_rules.go:477.2,477.92 1 0
github.com/niiniyare/ruun/pkg/schema/business_rules.go:481.105,482.32 1 0
github.com/niiniyare/ruun/pkg/schema/business_rules.go:482.32,483.39 1 0
github.com/niiniyare/ruun/pkg/schema/business_rules.go:483.39,486.4 2 0
github.com/niiniyare/ruun/pkg/schema/business_rules.go:488.2,488.93 1 0
github.com/niiniyare/ruun/pkg/schema/business_rules.go:491.102,492.32 1 0
github.com/niiniyare/ruun/pkg/schema/business_rules.go:492.32,493.39 1 0
github.com/niiniyare/ruun/pkg/schema/business_rules.go:493.39,496.4 2 0
github.com/niiniyare/ruun/pkg/schema/business_rules.go:498.2,498.93 1 0
github.com/niiniyare/ruun/pkg/schema/business_rules.go:502.142,505.33 2 0
github.com/niiniyare/ruun/pkg/schema/business_rules.go:505.33,507.17 2 0
github.com/niiniyare/ruun/pkg/schema/business_rules.go:507.17,509.4 1 0
github.com/niiniyare/ruun/pkg/schema/business_rules.go:510.3,510.27 1 0
github.com/niiniyare/ruun/pkg/schema/business_rules.go:513.2,513.21 1 0
github.com/niiniyare/ruun/pkg/schema/business_rules.go:517.122,524.16 6 0
github.com/niiniyare/ruun/pkg/schema/business_rules.go:524.16,526.3 1 0
github.com/niiniyare/ruun/pkg/schema/business_rules.go:528.2,531.38 3 0
github.com/niiniyare/ruun/pkg/schema/business_rules.go:531.38,533.3 1 0
github.com/niiniyare/ruun/pkg/schema/business_rules.go:535.2,535.25 1 0
github.com/niiniyare/ruun/pkg/schema/business_rules.go:539.69,540.34 1 0
github.com/niiniyare/ruun/pkg/schema/business_rules.go:540.34,542.3 1 0
github.com/niiniyare/ruun/pkg/schema/business_rules.go:544.2,544.47 1 0
github.com/niiniyare/ruun/pkg/schema/business_rules.go:544.47,546.3 1 0
github.com/niiniyare/ruun/pkg/schema/business_rules.go:548.2,551.46 3 0
github.com/niiniyare/ruun/pkg/schema/business_rules.go:551.46,553.3 1 0
github.com/niiniyare/ruun/pkg/schema/business_rules.go:555.2,557.12 3 0
github.com/niiniyare/ruun/pkg/schema/business_rules.go:566.87,578.2 1 0
github.com/niiniyare/ruun/pkg/schema/business_rules.go:581.83,584.2 2 0
github.com/niiniyare/ruun/pkg/schema/business_rules.go:587.81,590.2 2 0
github.com/niiniyare/ruun/pkg/schema/business_rules.go:593.105,596.2 2 0
github.com/niiniyare/ruun/pkg/schema/business_rules.go:599.126,606.2 2 0
github.com/niiniyare/ruun/pkg/schema/business_rules.go:609.158,617.2 2 0
github.com/niiniyare/ruun/pkg/schema/business_rules.go:620.76,623.2 2 0
github.com/niiniyare/ruun/pkg/schema/business_rules.go:626.90,629.2 2 0
github.com/niiniyare/ruun/pkg/schema/business_rules.go:632.64,635.33 2 0
github.com/niiniyare/ruun/pkg/schema/business_rules.go:635.33,637.3 1 0
github.com/niiniyare/ruun/pkg/schema/business_rules.go:638.2,642.54 3 0
github.com/niiniyare/ruun/pkg/schema/business_rules.go:642.54,644.3 1 0
github.com/niiniyare/ruun/pkg/schema/business_rules.go:646.2,646.22 1 0
github.com/niiniyare/ruun/pkg/schema/business_rules.go:652.128,654.14 2 0
github.com/niiniyare/ruun/pkg/schema/business_rules.go:654.14,656.3 1 0
github.com/niiniyare/ruun/pkg/schema/business_rules.go:658.2,661.10 1 0
github.com/niiniyare/ruun/pkg/schema/business_rules.go:665.127,667.15 2 0
github.com/niiniyare/ruun/pkg/schema/business_rules.go:667.15,669.3 1 0
github.com/niiniyare/ruun/pkg/schema/business_rules.go:671.2,674.10 1 0
github.com/niiniyare/ruun/pkg/schema/business_rules.go:678.119,687.2 2 0
github.com/niiniyare/ruun/pkg/schema/enterprise.go:289.41,291.2 1 1
github.com/niiniyare/ruun/pkg/schema/enterprise.go:294.46,296.2 1 1
github.com/niiniyare/ruun/pkg/schema/enterprise.go:299.47,301.2 1 1
github.com/niiniyare/ruun/pkg/schema/enterprise.go:304.62,305.30 1 1
github.com/niiniyare/ruun/pkg/schema/enterprise.go:305.30,307.3 1 1
github.com/niiniyare/ruun/pkg/schema/enterprise.go:308.2,308.44 1 1
github.com/niiniyare/ruun/pkg/schema/enterprise.go:308.44,309.25 1 1
github.com/niiniyare/ruun/pkg/schema/enterprise.go:309.25,311.4 1 1
github.com/niiniyare/ruun/pkg/schema/enterprise.go:313.2,313.14 1 1
github.com/niiniyare/ruun/pkg/schema/enterprise.go:317.41,319.2 1 1
github.com/niiniyare/ruun/pkg/schema/enterprise.go:322.45,324.2 1 1
github.com/niiniyare/ruun/pkg/schema/enterprise.go:327.45,328.14 1 1
github.com/niiniyare/ruun/pkg/schema/enterprise.go:328.14,330.3 1 1
github.com/niiniyare/ruun/pkg/schema/enterprise.go:331.2,331.16 1 1
github.com/niiniyare/ruun/pkg/schema/enterprise.go:335.46,336.14 1 1
github.com/niiniyare/ruun/pkg/schema/enterprise.go:336.14,338.3 1 1
github.com/niiniyare/ruun/pkg/schema/enterprise.go:339.2,339.17 1 1
github.com/niiniyare/ruun/pkg/schema/enterprise.go:343.131,344.28 1 1
github.com/niiniyare/ruun/pkg/schema/enterprise.go:344.28,346.3 1 1
github.com/niiniyare/ruun/pkg/schema/enterprise.go:348.2,349.35 2 1
github.com/niiniyare/ruun/pkg/schema/enterprise.go:349.35,351.50 1 1
github.com/niiniyare/ruun/pkg/schema/enterprise.go:351.50,354.29 3 1
github.com/niiniyare/ruun/pkg/schema/enterprise.go:354.29,355.13 1 1
github.com/niiniyare/ruun/pkg/schema/enterprise.go:358.3,358.40 1 1
github.com/niiniyare/ruun/pkg/schema/enterprise.go:361.2,361.18 1 1
github.com/niiniyare/ruun/pkg/schema/enterprise.go:365.37,367.2 1 1
github.com/niiniyare/ruun/pkg/schema/enterprise.go:370.35,371.14 1 1
github.com/niiniyare/ruun/pkg/schema/enterprise.go:371.14,373.3 1 1
github.com/niiniyare/ruun/pkg/schema/enterprise.go:374.2,374.27 1 1
github.com/niiniyare/ruun/pkg/schema/enterprise.go:374.27,376.3 1 1
github.com/niiniyare/ruun/pkg/schema/enterprise.go:377.2,377.16 1 1
github.com/niiniyare/ruun/pkg/schema/enterprise.go:381.37,383.2 1 1
github.com/niiniyare/ruun/pkg/schema/enterprise.go:386.41,388.2 1 1
github.com/niiniyare/ruun/pkg/schema/enterprise.go:391.39,392.14 1 1
github.com/niiniyare/ruun/pkg/schema/enterprise.go:392.14,394.3 1 1
github.com/niiniyare/ruun/pkg/schema/enterprise.go:395.2,395.18 1 1
github.com/niiniyare/ruun/pkg/schema/enterprise.go:395.18,397.3 1 1
github.com/niiniyare/ruun/pkg/schema/enterprise.go:398.2,398.17 1 1
github.com/niiniyare/ruun/pkg/schema/enterprise.go:398.17,400.3 1 1
github.com/niiniyare/ruun/pkg/schema/enterprise.go:401.2,401.19 1 1
github.com/niiniyare/ruun/pkg/schema/enterprise.go:401.19,403.3 1 1
github.com/niiniyare/ruun/pkg/schema/enterprise.go:404.2,404.20 1 1
github.com/niiniyare/ruun/pkg/schema/enterprise.go:404.20,406.3 1 1
github.com/niiniyare/ruun/pkg/schema/enterprise.go:407.2,407.14 1 1
github.com/niiniyare/ruun/pkg/schema/enterprise.go:411.32,412.14 1 1
github.com/niiniyare/ruun/pkg/schema/enterprise.go:412.14,414.3 1 1
github.com/niiniyare/ruun/pkg/schema/enterprise.go:415.2,415.27 1 1
github.com/niiniyare/ruun/pkg/schema/enterprise.go:416.14,417.16 1 1
github.com/niiniyare/ruun/pkg/schema/enterprise.go:418.13,419.15 1 1
github.com/niiniyare/ruun/pkg/schema/enterprise.go:420.15,421.17 1 1
github.com/niiniyare/ruun/pkg/schema/enterprise.go:422.16,423.18 1 1
github.com/niiniyare/ruun/pkg/schema/enterprise.go:424.10,425.15 1 1
github.com/niiniyare/ruun/pkg/schema/enterprise.go:430.51,431.24 1 1
github.com/niiniyare/ruun/pkg/schema/enterprise.go:431.24,433.3 1 1
github.com/niiniyare/ruun/pkg/schema/enterprise.go:434.2,434.42 1 1
github.com/niiniyare/ruun/pkg/schema/enterprise.go:438.42,439.39 1 1
github.com/niiniyare/ruun/pkg/schema/enterprise.go:439.39,441.3 1 1
github.com/niiniyare/ruun/pkg/schema/enterprise.go:442.2,442.48 1 1
github.com/niiniyare/ruun/pkg/schema/enterprise.go:446.36,448.2 1 1
github.com/niiniyare/ruun/pkg/schema/enterprise.go:451.38,453.2 1 1
github.com/niiniyare/ruun/pkg/schema/errors.go:97.36,98.19 1 1
github.com/niiniyare/ruun/pkg/schema/errors.go:98.19,100.3 1 1
github.com/niiniyare/ruun/pkg/schema/errors.go:101.2,101.50 1 0
github.com/niiniyare/ruun/pkg/schema/errors.go:104.35,106.2 1 0
github.com/niiniyare/ruun/pkg/schema/errors.go:108.38,110.2 1 0
github.com/niiniyare/ruun/pkg/schema/errors.go:112.36,114.2 1 0
github.com/niiniyare/ruun/pkg/schema/errors.go:116.46,117.22 1 0
github.com/niiniyare/ruun/pkg/schema/errors.go:117.22,119.3 1 0
github.com/niiniyare/ruun/pkg/schema/errors.go:120.2,120.18 1 0
github.com/niiniyare/ruun/pkg/schema/errors.go:123.57,127.2 3 1
github.com/niiniyare/ruun/pkg/schema/errors.go:129.67,131.27 2 1
github.com/niiniyare/ruun/pkg/schema/errors.go:131.27,133.3 1 0
github.com/niiniyare/ruun/pkg/schema/errors.go:134.2,135.16 2 1
github.com/niiniyare/ruun/pkg/schema/errors.go:139.59,146.2 1 1
github.com/niiniyare/ruun/pkg/schema/errors.go:148.61,157.2 1 1
github.com/niiniyare/ruun/pkg/schema/errors.go:159.61,168.2 1 1
github.com/niiniyare/ruun/pkg/schema/errors.go:170.59,177.2 1 1
github.com/niiniyare/ruun/pkg/schema/errors.go:179.59,186.2 1 1
github.com/niiniyare/ruun/pkg/schema/errors.go:188.55,195.2 1 1
github.com/niiniyare/ruun/pkg/schema/errors.go:197.57,204.2 1 1
github.com/niiniyare/ruun/pkg/schema/errors.go:206.55,213.2 1 1
github.com/niiniyare/ruun/pkg/schema/errors.go:215.57,222.2 1 1
github.com/niiniyare/ruun/pkg/schema/errors.go:229.64,233.2 1 1
github.com/niiniyare/ruun/pkg/schema/errors.go:235.60,237.2 1 1
github.com/niiniyare/ruun/pkg/schema/errors.go:239.83,241.2 1 1
github.com/niiniyare/ruun/pkg/schema/errors.go:243.56,245.2 1 1
github.com/niiniyare/ruun/pkg/schema/errors.go:247.51,249.2 1 0
github.com/niiniyare/ruun/pkg/schema/errors.go:251.62,253.2 1 0
github.com/niiniyare/ruun/pkg/schema/errors.go:255.54,256.26 1 1
github.com/niiniyare/ruun/pkg/schema/errors.go:256.26,258.3 1 0
github.com/niiniyare/ruun/pkg/schema/errors.go:260.2,261.33 2 1
github.com/niiniyare/ruun/pkg/schema/errors.go:261.33,263.3 1 1
github.com/niiniyare/ruun/pkg/schema/errors.go:265.2,267.32 1 1
github.com/niiniyare/ruun/pkg/schema/errors.go:270.75,273.33 2 0
github.com/niiniyare/ruun/pkg/schema/errors.go:273.33,275.18 2 0
github.com/niiniyare/ruun/pkg/schema/errors.go:275.18,277.4 1 0
github.com/niiniyare/ruun/pkg/schema/errors.go:279.3,279.47 1 0
github.com/niiniyare/ruun/pkg/schema/errors.go:279.47,281.4 1 0
github.com/niiniyare/ruun/pkg/schema/errors.go:283.3,283.63 1 0
github.com/niiniyare/ruun/pkg/schema/errors.go:286.2,286.20 1 0
github.com/niiniyare/ruun/pkg/schema/errors.go:294.42,298.2 1 1
github.com/niiniyare/ruun/pkg/schema/errors.go:300.53,302.2 1 1
github.com/niiniyare/ruun/pkg/schema/errors.go:304.72,306.2 1 1
github.com/niiniyare/ruun/pkg/schema/errors.go:308.75,310.2 1 1
github.com/niiniyare/ruun/pkg/schema/errors.go:312.44,314.2 1 1
github.com/niiniyare/ruun/pkg/schema/errors.go:316.63,318.2 1 1
github.com/niiniyare/ruun/pkg/schema/errors.go:321.61,322.44 1 0
github.com/niiniyare/ruun/pkg/schema/errors.go:322.44,324.3 1 0
github.com/niiniyare/ruun/pkg/schema/errors.go:326.2,333.3 1 0
github.com/niiniyare/ruun/pkg/schema/errors.go:336.53,337.44 1 0
github.com/niiniyare/ruun/pkg/schema/errors.go:337.44,339.3 1 0
github.com/niiniyare/ruun/pkg/schema/errors.go:340.2,340.14 1 0
github.com/niiniyare/ruun/pkg/schema/errors.go:343.40,345.2 1 0
github.com/niiniyare/ruun/pkg/schema/errors.go:347.38,349.2 1 0
github.com/niiniyare/ruun/pkg/schema/errors.go:351.40,353.2 1 0
github.com/niiniyare/ruun/pkg/schema/errors.go:355.37,356.44 1 0
github.com/niiniyare/ruun/pkg/schema/errors.go:356.44,358.3 1 0
github.com/niiniyare/ruun/pkg/schema/errors.go:359.2,359.24 1 0
github.com/niiniyare/ruun/pkg/schema/errors.go:362.48,363.44 1 0
github.com/niiniyare/ruun/pkg/schema/errors.go:363.44,365.3 1 0
github.com/niiniyare/ruun/pkg/schema/errors.go:366.2,368.3 1 0
github.com/niiniyare/ruun/pkg/schema/errors.go:372.39,373.44 1 0
github.com/niiniyare/ruun/pkg/schema/errors.go:373.44,374.27 1 0
github.com/niiniyare/ruun/pkg/schema/errors.go:375.28,376.14 1 0
github.com/niiniyare/ruun/pkg/schema/errors.go:377.26,378.14 1 0
github.com/niiniyare/ruun/pkg/schema/errors.go:379.26,380.14 1 0
github.com/niiniyare/ruun/pkg/schema/errors.go:381.28,382.14 1 0
github.com/niiniyare/ruun/pkg/schema/errors.go:383.28,384.14 1 0
github.com/niiniyare/ruun/pkg/schema/errors.go:385.24,386.14 1 0
github.com/niiniyare/ruun/pkg/schema/errors.go:387.26,388.14 1 0
github.com/niiniyare/ruun/pkg/schema/errors.go:389.24,390.14 1 0
github.com/niiniyare/ruun/pkg/schema/errors.go:391.26,392.14 1 0
github.com/niiniyare/ruun/pkg/schema/errors.go:395.2,395.12 1 0
github.com/niiniyare/ruun/pkg/schema/errors.go:407.48,408.44 1 0
github.com/niiniyare/ruun/pkg/schema/errors.go:408.44,416.3 1 0
github.com/niiniyare/ruun/pkg/schema/errors.go:418.2,422.3 1 0
github.com/niiniyare/ruun/pkg/schema/errors.go:433.79,434.36 1 0
github.com/niiniyare/ruun/pkg/schema/errors.go:434.36,441.3 1 0
github.com/niiniyare/ruun/pkg/schema/errors.go:443.2,444.41 2 0
github.com/niiniyare/ruun/pkg/schema/errors.go:444.41,446.3 1 0
github.com/niiniyare/ruun/pkg/schema/errors.go:448.2,453.3 1 0
github.com/niiniyare/ruun/pkg/schema/errors.go:457.39,458.30 1 0
github.com/niiniyare/ruun/pkg/schema/errors.go:458.30,459.31 1 0
github.com/niiniyare/ruun/pkg/schema/errors.go:459.31,461.4 1 0
github.com/niiniyare/ruun/pkg/schema/errors.go:462.3,462.94 1 0
github.com/niiniyare/ruun/pkg/schema/errors.go:464.2,464.12 1 0
github.com/niiniyare/ruun/pkg/schema/errors.go:472.58,474.2 1 0
github.com/niiniyare/ruun/pkg/schema/errors.go:476.60,477.16 1 0
github.com/niiniyare/ruun/pkg/schema/errors.go:477.16,479.3 1 0
github.com/niiniyare/ruun/pkg/schema/errors.go:482.2,482.22 1 0
github.com/niiniyare/ruun/pkg/schema/errors.go:482.22,487.3 1 0
github.com/niiniyare/ruun/pkg/schema/errors.go:490.2,490.44 1 0
github.com/niiniyare/ruun/pkg/schema/errors.go:490.44,492.3 1 0
github.com/niiniyare/ruun/pkg/schema/errors.go:495.2,495.9 1 0
github.com/niiniyare/ruun/pkg/schema/errors.go:496.48,497.62 1 0
github.com/niiniyare/ruun/pkg/schema/errors.go:498.40,499.64 1 0
github.com/niiniyare/ruun/pkg/schema/errors.go:500.10,501.70 1 0
github.com/niiniyare/ruun/pkg/schema/errors.go:510.45,512.2 1 0
github.com/niiniyare/ruun/pkg/schema/field.go:288.72,289.15 1 1
github.com/niiniyare/ruun/pkg/schema/field.go:289.15,291.3 1 0
github.com/niiniyare/ruun/pkg/schema/field.go:293.2,294.39 2 1
github.com/niiniyare/ruun/pkg/schema/field.go:294.39,296.3 1 0
github.com/niiniyare/ruun/pkg/schema/field.go:296.8,298.3 1 1
github.com/niiniyare/ruun/pkg/schema/field.go:300.2,302.37 2 1
github.com/niiniyare/ruun/pkg/schema/field.go:302.37,309.3 3 1
github.com/niiniyare/ruun/pkg/schema/field.go:311.2,311.24 1 1
github.com/niiniyare/ruun/pkg/schema/field.go:315.56,316.29 1 1
github.com/niiniyare/ruun/pkg/schema/field.go:317.37,318.27 1 1
github.com/niiniyare/ruun/pkg/schema/field.go:319.46,320.30 1 0
github.com/niiniyare/ruun/pkg/schema/field.go:321.44,322.29 1 0
github.com/niiniyare/ruun/pkg/schema/field.go:323.64,324.36 1 0
github.com/niiniyare/ruun/pkg/schema/field.go:325.38,326.26 1 0
github.com/niiniyare/ruun/pkg/schema/field.go:327.58,328.33 1 0
github.com/niiniyare/ruun/pkg/schema/field.go:329.17,330.29 1 0
github.com/niiniyare/ruun/pkg/schema/field.go:331.21,332.32 1 0
github.com/niiniyare/ruun/pkg/schema/field.go:333.18,334.30 1 0
github.com/niiniyare/ruun/pkg/schema/field.go:335.22,336.33 1 0
github.com/niiniyare/ruun/pkg/schema/field.go:337.21,338.32 1 0
github.com/niiniyare/ruun/pkg/schema/field.go:339.19,340.30 1 0
github.com/niiniyare/ruun/pkg/schema/field.go:341.29,342.24 1 0
github.com/niiniyare/ruun/pkg/schema/field.go:343.37,344.27 1 0
github.com/niiniyare/ruun/pkg/schema/field.go:345.18,346.29 1 0
github.com/niiniyare/ruun/pkg/schema/field.go:347.22,348.32 1 0
github.com/niiniyare/ruun/pkg/schema/field.go:349.31,350.33 1 0
github.com/niiniyare/ruun/pkg/schema/field.go:351.10,352.27 1 0
github.com/niiniyare/ruun/pkg/schema/field.go:637.62,639.2 1 1
github.com/niiniyare/ruun/pkg/schema/field.go:643.83,644.14 1 1
github.com/niiniyare/ruun/pkg/schema/field.go:644.14,646.3 1 1
github.com/niiniyare/ruun/pkg/schema/field.go:648.2,648.26 1 1
github.com/niiniyare/ruun/pkg/schema/field.go:648.26,650.3 1 1
github.com/niiniyare/ruun/pkg/schema/field.go:654.2,655.55 2 1
github.com/niiniyare/ruun/pkg/schema/field.go:655.55,658.3 1 0
github.com/niiniyare/ruun/pkg/schema/field.go:660.2,660.26 1 1
github.com/niiniyare/ruun/pkg/schema/field.go:660.26,661.25 1 0
github.com/niiniyare/ruun/pkg/schema/field.go:661.25,665.4 1 0
github.com/niiniyare/ruun/pkg/schema/field.go:666.3,668.17 3 0
github.com/niiniyare/ruun/pkg/schema/field.go:668.17,670.4 1 0
github.com/niiniyare/ruun/pkg/schema/field.go:671.3,671.11 1 0
github.com/niiniyare/ruun/pkg/schema/field.go:671.11,673.4 1 0
github.com/niiniyare/ruun/pkg/schema/field.go:678.2,679.55 2 1
github.com/niiniyare/ruun/pkg/schema/field.go:679.55,682.3 1 1
github.com/niiniyare/ruun/pkg/schema/field.go:684.2,684.26 1 1
github.com/niiniyare/ruun/pkg/schema/field.go:684.26,685.25 1 1
github.com/niiniyare/ruun/pkg/schema/field.go:685.25,689.4 1 1
github.com/niiniyare/ruun/pkg/schema/field.go:690.3,692.17 3 0
github.com/niiniyare/ruun/pkg/schema/field.go:692.17,694.4 1 0
github.com/niiniyare/ruun/pkg/schema/field.go:695.3,695.19 1 0
github.com/niiniyare/ruun/pkg/schema/field.go:698.2,698.18 1 0
github.com/niiniyare/ruun/pkg/schema/field.go:703.84,704.16 1 1
github.com/niiniyare/ruun/pkg/schema/field.go:704.16,706.3 1 1
github.com/niiniyare/ruun/pkg/schema/field.go:708.2,708.26 1 1
github.com/niiniyare/ruun/pkg/schema/field.go:708.26,710.3 1 1
github.com/niiniyare/ruun/pkg/schema/field.go:713.2,714.63 2 0
github.com/niiniyare/ruun/pkg/schema/field.go:714.63,717.3 1 0
github.com/niiniyare/ruun/pkg/schema/field.go:719.2,719.30 1 0
github.com/niiniyare/ruun/pkg/schema/field.go:719.30,720.25 1 0
github.com/niiniyare/ruun/pkg/schema/field.go:720.25,724.4 1 0
github.com/niiniyare/ruun/pkg/schema/field.go:725.3,727.17 3 0
github.com/niiniyare/ruun/pkg/schema/field.go:727.17,729.4 1 0
github.com/niiniyare/ruun/pkg/schema/field.go:730.3,730.23 1 0
github.com/niiniyare/ruun/pkg/schema/field.go:733.2,733.19 1 0
github.com/niiniyare/ruun/pkg/schema/field.go:738.84,739.16 1 0
github.com/niiniyare/ruun/pkg/schema/field.go:739.16,741.3 1 0
github.com/niiniyare/ruun/pkg/schema/field.go:743.2,743.26 1 0
github.com/niiniyare/ruun/pkg/schema/field.go:743.26,745.3 1 0
github.com/niiniyare/ruun/pkg/schema/field.go:748.2,749.63 2 0
github.com/niiniyare/ruun/pkg/schema/field.go:749.63,752.3 1 0
github.com/niiniyare/ruun/pkg/schema/field.go:754.2,754.30 1 0
github.com/niiniyare/ruun/pkg/schema/field.go:754.30,755.25 1 0
github.com/niiniyare/ruun/pkg/schema/field.go:755.25,759.4 1 0
github.com/niiniyare/ruun/pkg/schema/field.go:760.3,762.17 3 0
github.com/niiniyare/ruun/pkg/schema/field.go:762.17,764.4 1 0
github.com/niiniyare/ruun/pkg/schema/field.go:765.3,765.23 1 0
github.com/niiniyare/ruun/pkg/schema/field.go:768.2,768.19 1 0
github.com/niiniyare/ruun/pkg/schema/field.go:772.53,773.18 1 1
github.com/niiniyare/ruun/pkg/schema/field.go:773.18,775.3 1 0
github.com/niiniyare/ruun/pkg/schema/field.go:776.2,776.18 1 1
github.com/niiniyare/ruun/pkg/schema/field.go:776.18,778.3 1 0
github.com/niiniyare/ruun/pkg/schema/field.go:781.2,781.25 1 1
github.com/niiniyare/ruun/pkg/schema/field.go:781.25,782.57 1 0
github.com/niiniyare/ruun/pkg/schema/field.go:782.57,783.45 1 0
github.com/niiniyare/ruun/pkg/schema/field.go:783.45,788.5 1 0
github.com/niiniyare/ruun/pkg/schema/field.go:790.3,790.69 1 0
github.com/niiniyare/ruun/pkg/schema/field.go:790.69,791.57 1 0
github.com/niiniyare/ruun/pkg/schema/field.go:791.57,796.5 1 0
github.com/niiniyare/ruun/pkg/schema/field.go:798.3,798.67 1 0
github.com/niiniyare/ruun/pkg/schema/field.go:798.67,799.55 1 0
github.com/niiniyare/ruun/pkg/schema/field.go:799.55,804.5 1 0
github.com/niiniyare/ruun/pkg/schema/field.go:808.3,808.33 1 0
github.com/niiniyare/ruun/pkg/schema/field.go:808.33,809.66 1 0
github.com/niiniyare/ruun/pkg/schema/field.go:809.66,814.5 1 0
github.com/niiniyare/ruun/pkg/schema/field.go:819.2,819.71 1 1
github.com/niiniyare/ruun/pkg/schema/field.go:819.71,824.3 1 0
github.com/niiniyare/ruun/pkg/schema/field.go:827.2,827.28 1 1
github.com/niiniyare/ruun/pkg/schema/field.go:827.28,829.68 2 0
github.com/niiniyare/ruun/pkg/schema/field.go:829.68,834.4 1 0
github.com/niiniyare/ruun/pkg/schema/field.go:835.3,835.34 1 0
github.com/niiniyare/ruun/pkg/schema/field.go:835.34,840.4 1 0
github.com/niiniyare/ruun/pkg/schema/field.go:843.2,843.12 1 1
github.com/niiniyare/ruun/pkg/schema/field.go:847.40,848.16 1 1
github.com/niiniyare/ruun/pkg/schema/field.go:849.113,850.14 1 0
github.com/niiniyare/ruun/pkg/schema/field.go:852.2,852.14 1 1
github.com/niiniyare/ruun/pkg/schema/field.go:856.84,858.34 1 0
github.com/niiniyare/ruun/pkg/schema/field.go:858.34,860.26 2 0
github.com/niiniyare/ruun/pkg/schema/field.go:860.26,862.4 1 0
github.com/niiniyare/ruun/pkg/schema/field.go:863.3,863.67 1 0
github.com/niiniyare/ruun/pkg/schema/field.go:867.2,867.20 1 0
github.com/niiniyare/ruun/pkg/schema/field.go:867.20,869.3 1 0
github.com/niiniyare/ruun/pkg/schema/field.go:871.2,871.25 1 0
github.com/niiniyare/ruun/pkg/schema/field.go:871.25,873.3 1 0
github.com/niiniyare/ruun/pkg/schema/field.go:876.2,876.38 1 0
github.com/niiniyare/ruun/pkg/schema/field.go:876.38,877.50 1 0
github.com/niiniyare/ruun/pkg/schema/field.go:877.50,879.4 1 0
github.com/niiniyare/ruun/pkg/schema/field.go:883.2,883.48 1 0
github.com/niiniyare/ruun/pkg/schema/field.go:883.48,885.3 1 0
github.com/niiniyare/ruun/pkg/schema/field.go:888.2,888.34 1 0
github.com/niiniyare/ruun/pkg/schema/field.go:888.34,889.46 1 0
github.com/niiniyare/ruun/pkg/schema/field.go:889.46,891.4 1 0
github.com/niiniyare/ruun/pkg/schema/field.go:895.2,895.12 1 0
github.com/niiniyare/ruun/pkg/schema/field.go:899.69,901.34 1 1
github.com/niiniyare/ruun/pkg/schema/field.go:901.34,903.26 2 0
github.com/niiniyare/ruun/pkg/schema/field.go:903.26,905.4 1 0
github.com/niiniyare/ruun/pkg/schema/field.go:906.3,906.67 1 0
github.com/niiniyare/ruun/pkg/schema/field.go:910.2,910.20 1 1
github.com/niiniyare/ruun/pkg/schema/field.go:910.20,912.3 1 0
github.com/niiniyare/ruun/pkg/schema/field.go:914.2,914.25 1 1
github.com/niiniyare/ruun/pkg/schema/field.go:914.25,916.3 1 1
github.com/niiniyare/ruun/pkg/schema/field.go:919.2,919.38 1 0
github.com/niiniyare/ruun/pkg/schema/field.go:919.38,920.50 1 0
github.com/niiniyare/ruun/pkg/schema/field.go:920.50,922.4 1 0
github.com/niiniyare/ruun/pkg/schema/field.go:926.2,926.48 1 0
github.com/niiniyare/ruun/pkg/schema/field.go:926.48,928.3 1 0
github.com/niiniyare/ruun/pkg/schema/field.go:931.2,931.34 1 0
github.com/niiniyare/ruun/pkg/schema/field.go:931.34,932.46 1 0
github.com/niiniyare/ruun/pkg/schema/field.go:932.46,934.4 1 0
github.com/niiniyare/ruun/pkg/schema/field.go:938.2,938.31 1 0
github.com/niiniyare/ruun/pkg/schema/field.go:938.31,939.54 1 0
github.com/niiniyare/ruun/pkg/schema/field.go:939.54,941.4 1 0
github.com/niiniyare/ruun/pkg/schema/field.go:944.2,944.12 1 0
github.com/niiniyare/ruun/pkg/schema/field.go:948.52,952.53 2 0
github.com/niiniyare/ruun/pkg/schema/field.go:952.53,955.3 1 0
github.com/niiniyare/ruun/pkg/schema/field.go:956.2,956.53 1 0
github.com/niiniyare/ruun/pkg/schema/field.go:956.53,959.3 1 0
github.com/niiniyare/ruun/pkg/schema/field.go:962.2,962.21 1 0
github.com/niiniyare/ruun/pkg/schema/field.go:962.21,964.17 2 0
github.com/niiniyare/ruun/pkg/schema/field.go:964.17,967.4 1 0
github.com/niiniyare/ruun/pkg/schema/field.go:968.3,968.15 1 0
github.com/niiniyare/ruun/pkg/schema/field.go:968.15,971.4 1 0
github.com/niiniyare/ruun/pkg/schema/field.go:975.2,975.20 1 0
github.com/niiniyare/ruun/pkg/schema/field.go:975.20,976.49 1 0
github.com/niiniyare/ruun/pkg/schema/field.go:976.49,978.4 1 0
github.com/niiniyare/ruun/pkg/schema/field.go:981.2,981.12 1 0
github.com/niiniyare/ruun/pkg/schema/field.go:985.52,986.29 1 0
github.com/niiniyare/ruun/pkg/schema/field.go:987.15,988.27 1 0
github.com/niiniyare/ruun/pkg/schema/field.go:988.27,991.4 1 0
github.com/niiniyare/ruun/pkg/schema/field.go:992.13,994.100 2 0
github.com/niiniyare/ruun/pkg/schema/field.go:994.100,997.4 1 0
github.com/niiniyare/ruun/pkg/schema/field.go:998.3,998.53 1 0
github.com/niiniyare/ruun/pkg/schema/field.go:998.53,1001.4 1 0
github.com/niiniyare/ruun/pkg/schema/field.go:1002.14,1003.46 1 0
github.com/niiniyare/ruun/pkg/schema/field.go:1003.46,1006.4 1 0
github.com/niiniyare/ruun/pkg/schema/field.go:1007.14,1008.60 1 0
github.com/niiniyare/ruun/pkg/schema/field.go:1008.60,1011.4 1 0
github.com/niiniyare/ruun/pkg/schema/field.go:1012.18,1013.60 1 0
github.com/niiniyare/ruun/pkg/schema/field.go:1013.60,1016.4 1 0
github.com/niiniyare/ruun/pkg/schema/field.go:1017.14,1018.58 1 0
github.com/niiniyare/ruun/pkg/schema/field.go:1018.58,1021.4 1 0
github.com/niiniyare/ruun/pkg/schema/field.go:1023.2,1023.12 1 0
github.com/niiniyare/ruun/pkg/schema/field.go:1027.49,1029.9 2 0
github.com/niiniyare/ruun/pkg/schema/field.go:1029.9,1031.3 1 0
github.com/niiniyare/ruun/pkg/schema/field.go:1033.2,1035.18 2 0
github.com/niiniyare/ruun/pkg/schema/field.go:1035.18,1036.41 1 0
github.com/niiniyare/ruun/pkg/schema/field.go:1036.41,1039.4 1 0
github.com/niiniyare/ruun/pkg/schema/field.go:1040.3,1040.41 1 0
github.com/niiniyare/ruun/pkg/schema/field.go:1040.41,1043.4 1 0
github.com/niiniyare/ruun/pkg/schema/field.go:1046.2,1046.18 1 0
github.com/niiniyare/ruun/pkg/schema/field.go:1046.18,1047.41 1 0
github.com/niiniyare/ruun/pkg/schema/field.go:1047.41,1050.4 1 0
github.com/niiniyare/ruun/pkg/schema/field.go:1051.3,1051.41 1 0
github.com/niiniyare/ruun/pkg/schema/field.go:1051.41,1054.4 1 0
github.com/niiniyare/ruun/pkg/schema/field.go:1057.2,1057.47 1 0
github.com/niiniyare/ruun/pkg/schema/field.go:1057.47,1060.3 1 0
github.com/niiniyare/ruun/pkg/schema/field.go:1062.2,1062.31 1 0
github.com/niiniyare/ruun/pkg/schema/field.go:1062.31,1065.3 1 0
github.com/niiniyare/ruun/pkg/schema/field.go:1067.2,1067.31 1 0
github.com/niiniyare/ruun/pkg/schema/field.go:1067.31,1070.3 1 0
github.com/niiniyare/ruun/pkg/schema/field.go:1072.2,1072.65 1 0
github.com/niiniyare/ruun/pkg/schema/field.go:1072.65,1075.3 1 0
github.com/niiniyare/ruun/pkg/schema/field.go:1077.2,1077.53 1 0
github.com/niiniyare/ruun/pkg/schema/field.go:1077.53,1080.3 1 0
github.com/niiniyare/ruun/pkg/schema/field.go:1082.2,1082.12 1 0
github.com/niiniyare/ruun/pkg/schema/field.go:1086.48,1089.49 2 0
github.com/niiniyare/ruun/pkg/schema/field.go:1089.49,1092.3 1 0
github.com/niiniyare/ruun/pkg/schema/field.go:1094.2,1094.49 1 0
github.com/niiniyare/ruun/pkg/schema/field.go:1094.49,1097.3 1 0
github.com/niiniyare/ruun/pkg/schema/field.go:1099.2,1099.43 1 0
github.com/niiniyare/ruun/pkg/schema/field.go:1099.43,1102.3 1 0
github.com/niiniyare/ruun/pkg/schema/field.go:1104.2,1104.12 1 0
github.com/niiniyare/ruun/pkg/schema/field.go:1108.70,1109.24 1 0
github.com/niiniyare/ruun/pkg/schema/field.go:1109.24,1112.3 1 0
github.com/niiniyare/ruun/pkg/schema/field.go:1115.2,1127.16 7 0
github.com/niiniyare/ruun/pkg/schema/field.go:1127.16,1129.3 1 0
github.com/niiniyare/ruun/pkg/schema/field.go:1131.2,1131.12 1 0
github.com/niiniyare/ruun/pkg/schema/field.go:1131.12,1134.3 1 0
github.com/niiniyare/ruun/pkg/schema/field.go:1136.2,1136.12 1 0
github.com/niiniyare/ruun/pkg/schema/field.go:1140.88,1144.21 3 0
github.com/niiniyare/ruun/pkg/schema/field.go:1144.21,1148.3 2 0
github.com/niiniyare/ruun/pkg/schema/field.go:1148.8,1151.3 2 0
github.com/niiniyare/ruun/pkg/schema/field.go:1154.2,1154.21 1 0
github.com/niiniyare/ruun/pkg/schema/field.go:1154.21,1159.3 1 0
github.com/niiniyare/ruun/pkg/schema/field.go:1161.2,1161.60 1 0
github.com/niiniyare/ruun/pkg/schema/field.go:1170.48,1172.2 1 0
github.com/niiniyare/ruun/pkg/schema/field.go:1174.47,1176.2 1 0
github.com/niiniyare/ruun/pkg/schema/field.go:1178.50,1180.2 1 0
github.com/niiniyare/ruun/pkg/schema/field.go:1182.48,1184.2 1 0
github.com/niiniyare/ruun/pkg/schema/field.go:1186.58,1188.2 1 0
github.com/niiniyare/ruun/pkg/schema/field.go:1190.69,1195.2 1 0
github.com/niiniyare/ruun/pkg/schema/field.go:1197.79,1202.2 1 0
github.com/niiniyare/ruun/pkg/schema/field.go:1205.67,1206.22 1 0
github.com/niiniyare/ruun/pkg/schema/field.go:1206.22,1208.3 1 0
github.com/niiniyare/ruun/pkg/schema/field.go:1211.2,1211.46 1 0
github.com/niiniyare/ruun/pkg/schema/field.go:1211.46,1213.80 1 0
github.com/niiniyare/ruun/pkg/schema/field.go:1213.80,1215.4 1 0
github.com/niiniyare/ruun/pkg/schema/field.go:1218.2,1218.23 1 0
github.com/niiniyare/ruun/pkg/schema/field.go:1222.86,1227.14 3 0
github.com/niiniyare/ruun/pkg/schema/field.go:1228.13,1229.25 1 0
github.com/niiniyare/ruun/pkg/schema/field.go:1230.15,1231.71 1 0
github.com/niiniyare/ruun/pkg/schema/field.go:1232.14,1233.34 1 0
github.com/niiniyare/ruun/pkg/schema/field.go:1234.25,1235.66 1 0
github.com/niiniyare/ruun/pkg/schema/field.go:1235.66,1237.4 1 0
github.com/niiniyare/ruun/pkg/schema/field.go:1238.3,1238.51 1 0
github.com/niiniyare/ruun/pkg/schema/field.go:1239.27,1240.66 1 0
github.com/niiniyare/ruun/pkg/schema/field.go:1240.66,1242.4 1 0
github.com/niiniyare/ruun/pkg/schema/field.go:1243.3,1243.53 1 0
github.com/niiniyare/ruun/pkg/schema/field.go:1244.28,1245.66 1 0
github.com/niiniyare/ruun/pkg/schema/field.go:1245.66,1247.4 1 0
github.com/niiniyare/ruun/pkg/schema/field.go:1248.3,1248.54 1 0
github.com/niiniyare/ruun/pkg/schema/field.go:1249.10,1251.45 1 0
github.com/niiniyare/ruun/pkg/schema/field.go:1256.90,1257.24 1 0
github.com/niiniyare/ruun/pkg/schema/field.go:1257.24,1260.3 1 0
github.com/niiniyare/ruun/pkg/schema/field.go:1262.2,1268.65 5 0
github.com/niiniyare/ruun/pkg/schema/field.go:1268.65,1272.3 3 0
github.com/niiniyare/ruun/pkg/schema/field.go:1274.2,1276.16 3 0
github.com/niiniyare/ruun/pkg/schema/field.go:1276.16,1278.3 1 0
github.com/niiniyare/ruun/pkg/schema/field.go:1280.2,1280.20 1 0
github.com/niiniyare/ruun/pkg/schema/field.go:1284.43,1285.16 1 0
github.com/niiniyare/ruun/pkg/schema/field.go:1286.34,1287.15 1 0
github.com/niiniyare/ruun/pkg/schema/field.go:1288.52,1289.20 1 0
github.com/niiniyare/ruun/pkg/schema/field.go:1290.60,1291.11 1 0
github.com/niiniyare/ruun/pkg/schema/field.go:1292.17,1293.41 1 0
github.com/niiniyare/ruun/pkg/schema/field.go:1294.21,1295.41 1 0
github.com/niiniyare/ruun/pkg/schema/field.go:1296.17,1297.39 1 0
github.com/niiniyare/ruun/pkg/schema/field.go:1298.10,1299.12 1 0
github.com/niiniyare/ruun/pkg/schema/field.go:1304.56,1305.24 1 0
github.com/niiniyare/ruun/pkg/schema/field.go:1305.24,1307.3 1 0
github.com/niiniyare/ruun/pkg/schema/field.go:1309.2,1310.9 2 0
github.com/niiniyare/ruun/pkg/schema/field.go:1310.9,1312.3 1 0
github.com/niiniyare/ruun/pkg/schema/field.go:1314.2,1314.26 1 0
github.com/niiniyare/ruun/pkg/schema/field.go:1315.19,1316.38 1 0
github.com/niiniyare/ruun/pkg/schema/field.go:1317.19,1318.38 1 0
github.com/niiniyare/ruun/pkg/schema/field.go:1319.14,1320.40 1 0
github.com/niiniyare/ruun/pkg/schema/field.go:1321.20,1322.23 1 0
github.com/niiniyare/ruun/pkg/schema/field.go:1322.23,1324.4 1 0
github.com/niiniyare/ruun/pkg/schema/field.go:1325.3,1325.79 1 0
github.com/niiniyare/ruun/pkg/schema/field.go:1326.17,1327.32 1 0
github.com/niiniyare/ruun/pkg/schema/field.go:1328.10,1329.75 1 0
github.com/niiniyare/ruun/pkg/schema/field.go:1334.42,1348.2 8 0
github.com/niiniyare/ruun/pkg/schema/field.go:1351.88,1352.28 1 0
github.com/niiniyare/ruun/pkg/schema/field.go:1352.28,1355.3 1 0
github.com/niiniyare/ruun/pkg/schema/field.go:1357.2,1357.24 1 0
github.com/niiniyare/ruun/pkg/schema/field.go:1357.24,1360.3 1 0
github.com/niiniyare/ruun/pkg/schema/field.go:1362.2,1363.67 2 0
github.com/niiniyare/ruun/pkg/schema/field.go:1363.67,1366.3 1 0
github.com/niiniyare/ruun/pkg/schema/field.go:1369.2,1376.16 6 0
github.com/niiniyare/ruun/pkg/schema/field.go:1376.16,1379.3 1 0
github.com/niiniyare/ruun/pkg/schema/field.go:1382.2,1382.50 1 0
github.com/niiniyare/ruun/pkg/schema/field.go:1386.80,1387.20 1 0
github.com/niiniyare/ruun/pkg/schema/field.go:1388.18,1389.38 1 0
github.com/niiniyare/ruun/pkg/schema/field.go:1389.38,1391.4 1 0
github.com/niiniyare/ruun/pkg/schema/field.go:1392.16,1393.38 1 0
github.com/niiniyare/ruun/pkg/schema/field.go:1393.38,1395.4 1 0
github.com/niiniyare/ruun/pkg/schema/field.go:1396.17,1397.38 1 0
github.com/niiniyare/ruun/pkg/schema/field.go:1397.38,1399.4 1 0
github.com/niiniyare/ruun/pkg/schema/field.go:1400.14,1401.37 1 0
github.com/niiniyare/ruun/pkg/schema/field.go:1401.37,1403.4 1 0
github.com/niiniyare/ruun/pkg/schema/field.go:1404.18,1405.37 1 0
github.com/niiniyare/ruun/pkg/schema/field.go:1405.37,1407.4 1 0
github.com/niiniyare/ruun/pkg/schema/field.go:1408.10,1409.20 1 0
github.com/niiniyare/ruun/pkg/schema/field.go:1411.2,1411.19 1 0
github.com/niiniyare/ruun/pkg/schema/field.go:1417.40,1419.2 1 0
github.com/niiniyare/ruun/pkg/schema/field.go:1422.35,1426.2 1 0
github.com/niiniyare/ruun/pkg/schema/field.go:1429.38,1432.2 1 0
github.com/niiniyare/ruun/pkg/schema/field.go:1435.39,1440.2 1 0
github.com/niiniyare/ruun/pkg/schema/field.go:1443.37,1447.2 1 0
github.com/niiniyare/ruun/pkg/schema/field.go:1450.53,1452.2 1 0
github.com/niiniyare/ruun/pkg/schema/field.go:1455.80,1456.30 1 0
github.com/niiniyare/ruun/pkg/schema/field.go:1456.30,1457.25 1 0
github.com/niiniyare/ruun/pkg/schema/field.go:1457.25,1459.4 1 0
github.com/niiniyare/ruun/pkg/schema/field.go:1461.3,1461.28 1 0
github.com/niiniyare/ruun/pkg/schema/field.go:1461.28,1462.76 1 0
github.com/niiniyare/ruun/pkg/schema/field.go:1462.76,1464.5 1 0
github.com/niiniyare/ruun/pkg/schema/field.go:1467.2,1467.14 1 0
github.com/niiniyare/ruun/pkg/schema/field.go:1471.48,1472.42 1 0
github.com/niiniyare/ruun/pkg/schema/field.go:1472.42,1473.44 1 0
github.com/niiniyare/ruun/pkg/schema/field.go:1473.44,1475.4 1 0
github.com/niiniyare/ruun/pkg/schema/field.go:1477.2,1477.16 1 0
github.com/niiniyare/ruun/pkg/schema/field.go:1481.54,1482.48 1 0
github.com/niiniyare/ruun/pkg/schema/field.go:1482.48,1483.56 1 0
github.com/niiniyare/ruun/pkg/schema/field.go:1483.56,1485.4 1 0
github.com/niiniyare/ruun/pkg/schema/field.go:1487.2,1487.22 1 0
github.com/niiniyare/ruun/pkg/schema/field.go:1491.47,1492.41 1 0
github.com/niiniyare/ruun/pkg/schema/field.go:1492.41,1493.42 1 0
github.com/niiniyare/ruun/pkg/schema/field.go:1493.42,1495.4 1 0
github.com/niiniyare/ruun/pkg/schema/field.go:1497.2,1497.15 1 0
github.com/niiniyare/ruun/pkg/schema/field.go:1501.59,1503.60 2 0
github.com/niiniyare/ruun/pkg/schema/field.go:1503.60,1505.3 1 0
github.com/niiniyare/ruun/pkg/schema/field.go:1506.2,1506.18 1 0
github.com/niiniyare/ruun/pkg/schema/field.go:1510.63,1512.60 2 0
github.com/niiniyare/ruun/pkg/schema/field.go:1512.60,1514.3 1 0
github.com/niiniyare/ruun/pkg/schema/field.go:1515.2,1515.18 1 0
github.com/niiniyare/ruun/pkg/schema/field.go:1519.59,1521.60 2 0
github.com/niiniyare/ruun/pkg/schema/field.go:1521.60,1523.3 1 0
github.com/niiniyare/ruun/pkg/schema/field.go:1524.2,1524.18 1 0
github.com/niiniyare/ruun/pkg/schema/field.go:1528.62,1530.60 2 0
github.com/niiniyare/ruun/pkg/schema/field.go:1530.60,1532.3 1 0
github.com/niiniyare/ruun/pkg/schema/field.go:1533.2,1533.18 1 0
github.com/niiniyare/ruun/pkg/schema/field.go:1537.66,1539.60 2 0
github.com/niiniyare/ruun/pkg/schema/field.go:1539.60,1541.3 1 0
github.com/niiniyare/ruun/pkg/schema/field.go:1542.2,1542.18 1 0
github.com/niiniyare/ruun/pkg/schema/field.go:1546.60,1548.60 2 0
github.com/niiniyare/ruun/pkg/schema/field.go:1548.60,1550.3 1 0
github.com/niiniyare/ruun/pkg/schema/field.go:1551.2,1551.18 1 0
github.com/niiniyare/ruun/pkg/schema/field.go:1557.30,1558.18 1 1
github.com/niiniyare/ruun/pkg/schema/field.go:1558.18,1560.3 1 0
github.com/niiniyare/ruun/pkg/schema/field.go:1561.2,1561.27 1 1
github.com/niiniyare/ruun/pkg/schema/field.go:1562.14,1563.36 1 1
github.com/niiniyare/ruun/pkg/schema/field.go:1564.13,1565.21 1 0
github.com/niiniyare/ruun/pkg/schema/field.go:1566.22,1567.21 1 0
github.com/niiniyare/ruun/pkg/schema/field.go:1568.10,1569.15 1 1
github.com/niiniyare/ruun/pkg/schema/field.go:1574.37,1576.27 2 0
github.com/niiniyare/ruun/pkg/schema/field.go:1576.27,1578.16 2 0
github.com/niiniyare/ruun/pkg/schema/field.go:1578.16,1580.4 1 0
github.com/niiniyare/ruun/pkg/schema/field.go:1581.3,1581.19 1 0
github.com/niiniyare/ruun/pkg/schema/field.go:1583.2,1583.13 1 0
github.com/niiniyare/ruun/pkg/schema/field.go:1587.43,1588.27 1 0
github.com/niiniyare/ruun/pkg/schema/field.go:1589.15,1590.17 1 0
github.com/niiniyare/ruun/pkg/schema/field.go:1591.15,1592.26 1 0
github.com/niiniyare/ruun/pkg/schema/field.go:1593.11,1594.26 1 0
github.com/niiniyare/ruun/pkg/schema/field.go:1595.13,1596.26 1 0
github.com/niiniyare/ruun/pkg/schema/field.go:1597.13,1598.26 1 0
github.com/niiniyare/ruun/pkg/schema/field.go:1599.13,1600.26 1 0
github.com/niiniyare/ruun/pkg/schema/field.go:1601.12,1602.26 1 0
github.com/niiniyare/ruun/pkg/schema/field.go:1603.12,1604.26 1 0
github.com/niiniyare/ruun/pkg/schema/field.go:1605.14,1606.26 1 0
github.com/niiniyare/ruun/pkg/schema/field.go:1607.14,1608.26 1 0
github.com/niiniyare/ruun/pkg/schema/field.go:1609.14,1610.26 1 0
github.com/niiniyare/ruun/pkg/schema/field.go:1611.13,1612.26 1 0
github.com/niiniyare/ruun/pkg/schema/field.go:1613.10,1614.18 1 0
github.com/niiniyare/ruun/pkg/schema/field.go:1619.61,1622.2 2 0
github.com/niiniyare/ruun/pkg/schema/field.go:1625.38,1629.2 2 0
github.com/niiniyare/ruun/pkg/schema/layout.go:177.63,179.2 1 0
github.com/niiniyare/ruun/pkg/schema/layout.go:182.54,184.2 1 0
github.com/niiniyare/ruun/pkg/schema/layout.go:187.35,188.19 1 0
github.com/niiniyare/ruun/pkg/schema/layout.go:188.19,190.3 1 0
github.com/niiniyare/ruun/pkg/schema/layout.go:192.2,192.16 1 0
github.com/niiniyare/ruun/pkg/schema/layout.go:193.18,194.11 1 0
github.com/niiniyare/ruun/pkg/schema/layout.go:195.18,196.11 1 0
github.com/niiniyare/ruun/pkg/schema/layout.go:197.10,198.11 1 0
github.com/niiniyare/ruun/pkg/schema/layout.go:203.34,204.17 1 0
github.com/niiniyare/ruun/pkg/schema/layout.go:204.17,206.3 1 0
github.com/niiniyare/ruun/pkg/schema/layout.go:207.2,207.20 1 0
github.com/niiniyare/ruun/pkg/schema/layout.go:211.40,212.23 1 0
github.com/niiniyare/ruun/pkg/schema/layout.go:212.23,214.3 1 0
github.com/niiniyare/ruun/pkg/schema/layout.go:215.2,215.17 1 0
github.com/niiniyare/ruun/pkg/schema/layout.go:219.33,221.2 1 0
github.com/niiniyare/ruun/pkg/schema/layout.go:224.34,226.2 1 0
github.com/niiniyare/ruun/pkg/schema/layout.go:229.37,231.2 1 0
github.com/niiniyare/ruun/pkg/schema/layout.go:234.35,236.2 1 0
github.com/niiniyare/ruun/pkg/schema/layout.go:239.65,240.37 1 0
github.com/niiniyare/ruun/pkg/schema/layout.go:240.37,241.30 1 0
github.com/niiniyare/ruun/pkg/schema/layout.go:241.30,243.4 1 0
github.com/niiniyare/ruun/pkg/schema/layout.go:245.2,245.19 1 0
github.com/niiniyare/ruun/pkg/schema/layout.go:249.57,250.29 1 0
github.com/niiniyare/ruun/pkg/schema/layout.go:250.29,251.22 1 0
github.com/niiniyare/ruun/pkg/schema/layout.go:251.22,253.4 1 0
github.com/niiniyare/ruun/pkg/schema/layout.go:255.2,255.19 1 0
github.com/niiniyare/ruun/pkg/schema/layout.go:259.59,260.31 1 0
github.com/niiniyare/ruun/pkg/schema/layout.go:260.31,261.24 1 0
github.com/niiniyare/ruun/pkg/schema/layout.go:261.24,263.4 1 0
github.com/niiniyare/ruun/pkg/schema/layout.go:265.2,265.19 1 0
github.com/niiniyare/ruun/pkg/schema/layout.go:269.61,270.33 1 0
github.com/niiniyare/ruun/pkg/schema/layout.go:270.33,271.26 1 0
github.com/niiniyare/ruun/pkg/schema/layout.go:271.26,273.4 1 0
github.com/niiniyare/ruun/pkg/schema/layout.go:275.2,275.19 1 0
github.com/niiniyare/ruun/pkg/schema/layout.go:279.64,280.28 1 0
github.com/niiniyare/ruun/pkg/schema/layout.go:280.28,281.36 1 0
github.com/niiniyare/ruun/pkg/schema/layout.go:281.36,283.4 1 0
github.com/niiniyare/ruun/pkg/schema/layout.go:285.2,285.19 1 0
github.com/niiniyare/ruun/pkg/schema/layout.go:289.52,290.24 1 0
github.com/niiniyare/ruun/pkg/schema/layout.go:290.24,291.28 1 0
github.com/niiniyare/ruun/pkg/schema/layout.go:291.28,293.4 1 0
github.com/niiniyare/ruun/pkg/schema/layout.go:295.2,295.19 1 0
github.com/niiniyare/ruun/pkg/schema/layout.go:299.55,300.25 1 0
github.com/niiniyare/ruun/pkg/schema/layout.go:300.25,301.30 1 0
github.com/niiniyare/ruun/pkg/schema/layout.go:301.30,303.4 1 0
github.com/niiniyare/ruun/pkg/schema/layout.go:305.2,305.19 1 0
github.com/niiniyare/ruun/pkg/schema/layout.go:309.58,310.26 1 0
github.com/niiniyare/ruun/pkg/schema/layout.go:310.26,311.32 1 0
github.com/niiniyare/ruun/pkg/schema/layout.go:311.32,313.4 1 0
github.com/niiniyare/ruun/pkg/schema/layout.go:315.2,315.19 1 0
github.com/niiniyare/ruun/pkg/schema/layout.go:319.43,323.40 3 0
github.com/niiniyare/ruun/pkg/schema/layout.go:323.40,325.3 1 0
github.com/niiniyare/ruun/pkg/schema/layout.go:327.2,327.14 1 0
github.com/niiniyare/ruun/pkg/schema/layout.go:331.49,335.43 3 0
github.com/niiniyare/ruun/pkg/schema/layout.go:335.43,337.3 1 0
github.com/niiniyare/ruun/pkg/schema/layout.go:339.2,339.17 1 0
github.com/niiniyare/ruun/pkg/schema/layout.go:343.45,347.41 3 0
github.com/niiniyare/ruun/pkg/schema/layout.go:347.41,349.3 1 0
github.com/niiniyare/ruun/pkg/schema/layout.go:351.2,351.15 1 0
github.com/niiniyare/ruun/pkg/schema/layout.go:355.41,359.39 3 0
github.com/niiniyare/ruun/pkg/schema/layout.go:359.39,361.3 1 0
github.com/niiniyare/ruun/pkg/schema/layout.go:363.2,363.13 1 0
github.com/niiniyare/ruun/pkg/schema/layout.go:367.89,369.37 2 0
github.com/niiniyare/ruun/pkg/schema/layout.go:369.37,370.73 1 0
github.com/niiniyare/ruun/pkg/schema/layout.go:370.73,372.4 1 0
github.com/niiniyare/ruun/pkg/schema/layout.go:374.2,374.16 1 0
github.com/niiniyare/ruun/pkg/schema/layout.go:378.81,380.29 2 0
github.com/niiniyare/ruun/pkg/schema/layout.go:380.29,381.82 1 0
github.com/niiniyare/ruun/pkg/schema/layout.go:381.82,383.4 1 0
github.com/niiniyare/ruun/pkg/schema/layout.go:385.2,385.16 1 0
github.com/niiniyare/ruun/pkg/schema/layout.go:389.83,391.31 2 0
github.com/niiniyare/ruun/pkg/schema/layout.go:391.31,392.67 1 0
github.com/niiniyare/ruun/pkg/schema/layout.go:392.67,394.4 1 0
github.com/niiniyare/ruun/pkg/schema/layout.go:396.2,396.16 1 0
github.com/niiniyare/ruun/pkg/schema/layout.go:400.109,401.52 1 0
github.com/niiniyare/ruun/pkg/schema/layout.go:401.52,404.3 2 0
github.com/niiniyare/ruun/pkg/schema/layout.go:405.2,405.18 1 0
github.com/niiniyare/ruun/pkg/schema/layout.go:409.97,410.48 1 0
github.com/niiniyare/ruun/pkg/schema/layout.go:410.48,413.3 2 0
github.com/niiniyare/ruun/pkg/schema/layout.go:414.2,414.18 1 0
github.com/niiniyare/ruun/pkg/schema/layout.go:418.100,419.49 1 0
github.com/niiniyare/ruun/pkg/schema/layout.go:419.49,422.3 2 0
github.com/niiniyare/ruun/pkg/schema/layout.go:423.2,423.18 1 0
github.com/niiniyare/ruun/pkg/schema/layout.go:427.103,428.50 1 0
github.com/niiniyare/ruun/pkg/schema/layout.go:428.50,431.3 2 0
github.com/niiniyare/ruun/pkg/schema/layout.go:432.2,432.18 1 0
github.com/niiniyare/ruun/pkg/schema/layout.go:436.55,443.37 3 0
github.com/niiniyare/ruun/pkg/schema/layout.go:443.37,444.23 1 0
github.com/niiniyare/ruun/pkg/schema/layout.go:444.23,450.4 1 0
github.com/niiniyare/ruun/pkg/schema/layout.go:451.3,451.44 1 0
github.com/niiniyare/ruun/pkg/schema/layout.go:451.44,452.35 1 0
github.com/niiniyare/ruun/pkg/schema/layout.go:452.35,458.5 1 0
github.com/niiniyare/ruun/pkg/schema/layout.go:459.4,459.32 1 0
github.com/niiniyare/ruun/pkg/schema/layout.go:464.2,464.29 1 0
github.com/niiniyare/ruun/pkg/schema/layout.go:464.29,465.19 1 0
github.com/niiniyare/ruun/pkg/schema/layout.go:465.19,471.4 1 0
github.com/niiniyare/ruun/pkg/schema/layout.go:472.3,472.22 1 0
github.com/niiniyare/ruun/pkg/schema/layout.go:472.22,478.4 1 0
github.com/niiniyare/ruun/pkg/schema/layout.go:479.3,479.40 1 0
github.com/niiniyare/ruun/pkg/schema/layout.go:479.40,480.35 1 0
github.com/niiniyare/ruun/pkg/schema/layout.go:480.35,486.5 1 0
github.com/niiniyare/ruun/pkg/schema/layout.go:487.4,487.32 1 0
github.com/niiniyare/ruun/pkg/schema/layout.go:492.2,492.31 1 0
github.com/niiniyare/ruun/pkg/schema/layout.go:492.31,493.20 1 0
github.com/niiniyare/ruun/pkg/schema/layout.go:493.20,499.4 1 0
github.com/niiniyare/ruun/pkg/schema/layout.go:500.3,500.23 1 0
github.com/niiniyare/ruun/pkg/schema/layout.go:500.23,506.4 1 0
github.com/niiniyare/ruun/pkg/schema/layout.go:507.3,507.41 1 0
github.com/niiniyare/ruun/pkg/schema/layout.go:507.41,508.35 1 0
github.com/niiniyare/ruun/pkg/schema/layout.go:508.35,514.5 1 0
github.com/niiniyare/ruun/pkg/schema/layout.go:515.4,515.32 1 0
github.com/niiniyare/ruun/pkg/schema/layout.go:520.2,520.33 1 0
github.com/niiniyare/ruun/pkg/schema/layout.go:520.33,521.21 1 0
github.com/niiniyare/ruun/pkg/schema/layout.go:521.21,527.4 1 0
github.com/niiniyare/ruun/pkg/schema/layout.go:528.3,528.42 1 0
github.com/niiniyare/ruun/pkg/schema/layout.go:528.42,529.35 1 0
github.com/niiniyare/ruun/pkg/schema/layout.go:529.35,535.5 1 0
github.com/niiniyare/ruun/pkg/schema/layout.go:536.4,536.32 1 0
github.com/niiniyare/ruun/pkg/schema/layout.go:541.2,543.27 2 0
github.com/niiniyare/ruun/pkg/schema/layout.go:543.27,545.3 1 0
github.com/niiniyare/ruun/pkg/schema/layout.go:547.2,547.12 1 0
github.com/niiniyare/ruun/pkg/schema/layout.go:551.63,554.37 2 0
github.com/niiniyare/ruun/pkg/schema/layout.go:554.37,555.22 1 0
github.com/niiniyare/ruun/pkg/schema/layout.go:555.22,561.4 1 0
github.com/niiniyare/ruun/pkg/schema/layout.go:562.3,562.25 1 0
github.com/niiniyare/ruun/pkg/schema/layout.go:565.2,565.29 1 0
github.com/niiniyare/ruun/pkg/schema/layout.go:565.29,566.18 1 0
github.com/niiniyare/ruun/pkg/schema/layout.go:566.18,572.4 1 0
github.com/niiniyare/ruun/pkg/schema/layout.go:573.3,573.21 1 0
github.com/niiniyare/ruun/pkg/schema/layout.go:576.2,576.31 1 0
github.com/niiniyare/ruun/pkg/schema/layout.go:576.31,577.19 1 0
github.com/niiniyare/ruun/pkg/schema/layout.go:577.19,583.4 1 0
github.com/niiniyare/ruun/pkg/schema/layout.go:584.3,584.22 1 0
github.com/niiniyare/ruun/pkg/schema/layout.go:587.2,587.33 1 0
github.com/niiniyare/ruun/pkg/schema/layout.go:587.33,588.20 1 0
github.com/niiniyare/ruun/pkg/schema/layout.go:588.20,594.4 1 0
github.com/niiniyare/ruun/pkg/schema/layout.go:595.3,595.23 1 0
github.com/niiniyare/ruun/pkg/schema/layout.go:600.42,603.37 2 0
github.com/niiniyare/ruun/pkg/schema/layout.go:603.37,604.40 1 0
github.com/niiniyare/ruun/pkg/schema/layout.go:604.40,606.4 1 0
github.com/niiniyare/ruun/pkg/schema/layout.go:609.2,609.29 1 0
github.com/niiniyare/ruun/pkg/schema/layout.go:609.29,610.36 1 0
github.com/niiniyare/ruun/pkg/schema/layout.go:610.36,612.4 1 0
github.com/niiniyare/ruun/pkg/schema/layout.go:615.2,615.31 1 0
github.com/niiniyare/ruun/pkg/schema/layout.go:615.31,616.37 1 0
github.com/niiniyare/ruun/pkg/schema/layout.go:616.37,618.4 1 0
github.com/niiniyare/ruun/pkg/schema/layout.go:621.2,621.33 1 0
github.com/niiniyare/ruun/pkg/schema/layout.go:621.33,622.38 1 0
github.com/niiniyare/ruun/pkg/schema/layout.go:622.38,624.4 1 0
github.com/niiniyare/ruun/pkg/schema/layout.go:627.2,628.30 2 0
github.com/niiniyare/ruun/pkg/schema/layout.go:628.30,630.3 1 0
github.com/niiniyare/ruun/pkg/schema/layout.go:632.2,632.15 1 0
github.com/niiniyare/ruun/pkg/schema/layout.go:636.34,640.2 3 0
github.com/niiniyare/ruun/pkg/schema/layout.go:643.43,644.18 1 0
github.com/niiniyare/ruun/pkg/schema/layout.go:644.18,646.3 1 0
github.com/niiniyare/ruun/pkg/schema/layout.go:649.2,649.20 1 0
github.com/niiniyare/ruun/pkg/schema/layout.go:649.20,651.3 1 0
github.com/niiniyare/ruun/pkg/schema/layout.go:657.62,658.26 1 0
github.com/niiniyare/ruun/pkg/schema/layout.go:658.26,660.3 1 0
github.com/niiniyare/ruun/pkg/schema/layout.go:662.2,663.20 2 0
github.com/niiniyare/ruun/pkg/schema/layout.go:664.16,665.32 1 0
github.com/niiniyare/ruun/pkg/schema/layout.go:666.16,667.32 1 0
github.com/niiniyare/ruun/pkg/schema/layout.go:668.17,669.33 1 0
github.com/niiniyare/ruun/pkg/schema/layout.go:670.10,671.34 1 0
github.com/niiniyare/ruun/pkg/schema/layout.go:671.34,673.4 1 0
github.com/niiniyare/ruun/pkg/schema/layout.go:676.2,676.41 1 0
github.com/niiniyare/ruun/pkg/schema/layout.go:676.41,678.3 1 0
github.com/niiniyare/ruun/pkg/schema/layout.go:680.2,680.23 1 0
github.com/niiniyare/ruun/pkg/schema/layout.go:684.61,685.26 1 0
github.com/niiniyare/ruun/pkg/schema/layout.go:685.26,687.3 1 0
github.com/niiniyare/ruun/pkg/schema/layout.go:689.2,690.20 2 0
github.com/niiniyare/ruun/pkg/schema/layout.go:691.16,692.32 1 0
github.com/niiniyare/ruun/pkg/schema/layout.go:693.16,694.32 1 0
github.com/niiniyare/ruun/pkg/schema/layout.go:695.17,696.33 1 0
github.com/niiniyare/ruun/pkg/schema/layout.go:697.10,698.34 1 0
github.com/niiniyare/ruun/pkg/schema/layout.go:698.34,700.4 1 0
github.com/niiniyare/ruun/pkg/schema/layout.go:703.2,703.39 1 0
github.com/niiniyare/ruun/pkg/schema/layout.go:703.39,705.3 1 0
github.com/niiniyare/ruun/pkg/schema/layout.go:707.2,707.19 1 0
github.com/niiniyare/ruun/pkg/schema/mixin.go:44.40,53.2 3 0
github.com/niiniyare/ruun/pkg/schema/mixin.go:56.54,58.2 1 0
github.com/niiniyare/ruun/pkg/schema/mixin.go:61.61,63.2 1 0
github.com/niiniyare/ruun/pkg/schema/mixin.go:66.69,67.20 1 0
github.com/niiniyare/ruun/pkg/schema/mixin.go:67.20,69.3 1 0
github.com/niiniyare/ruun/pkg/schema/mixin.go:71.2,75.45 3 0
github.com/niiniyare/ruun/pkg/schema/mixin.go:75.45,77.3 1 0
github.com/niiniyare/ruun/pkg/schema/mixin.go:80.2,80.14 1 0
github.com/niiniyare/ruun/pkg/schema/mixin.go:80.14,81.42 1 0
github.com/niiniyare/ruun/pkg/schema/mixin.go:81.42,83.4 1 0
github.com/niiniyare/ruun/pkg/schema/mixin.go:86.2,87.12 2 0
github.com/niiniyare/ruun/pkg/schema/mixin.go:91.56,96.13 4 0
github.com/niiniyare/ruun/pkg/schema/mixin.go:96.13,98.3 1 0
github.com/niiniyare/ruun/pkg/schema/mixin.go:99.2,99.19 1 0
github.com/niiniyare/ruun/pkg/schema/mixin.go:103.50,110.2 5 0
github.com/niiniyare/ruun/pkg/schema/mixin.go:113.89,115.2 1 0
github.com/niiniyare/ruun/pkg/schema/mixin.go:118.134,120.16 2 0
github.com/niiniyare/ruun/pkg/schema/mixin.go:120.16,122.3 1 0
github.com/niiniyare/ruun/pkg/schema/mixin.go:125.2,125.37 1 0
github.com/niiniyare/ruun/pkg/schema/mixin.go:125.37,127.19 2 0
github.com/niiniyare/ruun/pkg/schema/mixin.go:127.19,129.4 1 0
github.com/niiniyare/ruun/pkg/schema/mixin.go:132.3,132.23 1 0
github.com/niiniyare/ruun/pkg/schema/mixin.go:132.23,134.4 1 0
github.com/niiniyare/ruun/pkg/schema/mixin.go:137.3,137.37 1 0
github.com/niiniyare/ruun/pkg/schema/mixin.go:137.37,142.4 1 0
github.com/niiniyare/ruun/pkg/schema/mixin.go:144.3,144.28 1 0
github.com/niiniyare/ruun/pkg/schema/mixin.go:148.2,148.39 1 0
github.com/niiniyare/ruun/pkg/schema/mixin.go:148.39,150.19 2 0
github.com/niiniyare/ruun/pkg/schema/mixin.go:150.19,152.4 1 0
github.com/niiniyare/ruun/pkg/schema/mixin.go:155.3,155.49 1 0
github.com/niiniyare/ruun/pkg/schema/mixin.go:155.49,156.41 1 0
github.com/niiniyare/ruun/pkg/schema/mixin.go:156.41,161.5 1 0
github.com/niiniyare/ruun/pkg/schema/mixin.go:164.3,164.30 1 0
github.com/niiniyare/ruun/pkg/schema/mixin.go:168.2,168.24 1 0
github.com/niiniyare/ruun/pkg/schema/mixin.go:168.24,170.3 1 0
github.com/niiniyare/ruun/pkg/schema/mixin.go:171.2,171.35 1 0
github.com/niiniyare/ruun/pkg/schema/mixin.go:171.35,173.3 1 0
github.com/niiniyare/ruun/pkg/schema/mixin.go:175.2,176.13 2 0
github.com/niiniyare/ruun/pkg/schema/mixin.go:176.13,178.3 1 0
github.com/niiniyare/ruun/pkg/schema/mixin.go:180.2,182.9 3 0
github.com/niiniyare/ruun/pkg/schema/mixin.go:182.9,184.3 1 0
github.com/niiniyare/ruun/pkg/schema/mixin.go:185.2,187.12 2 0
github.com/niiniyare/ruun/pkg/schema/mixin.go:191.58,195.45 3 0
github.com/niiniyare/ruun/pkg/schema/mixin.go:195.45,197.3 1 0
github.com/niiniyare/ruun/pkg/schema/mixin.go:199.2,200.12 2 0
github.com/niiniyare/ruun/pkg/schema/mixin.go:204.52,205.36 1 0
github.com/niiniyare/ruun/pkg/schema/mixin.go:205.36,207.3 1 0
github.com/niiniyare/ruun/pkg/schema/mixin.go:209.2,209.41 1 0
github.com/niiniyare/ruun/pkg/schema/mixin.go:209.41,211.3 1 0
github.com/niiniyare/ruun/pkg/schema/mixin.go:213.2,216.46 3 0
github.com/niiniyare/ruun/pkg/schema/mixin.go:216.46,218.3 1 0
github.com/niiniyare/ruun/pkg/schema/mixin.go:220.2,221.12 2 0
github.com/niiniyare/ruun/pkg/schema/mixin.go:225.34,228.16 2 0
github.com/niiniyare/ruun/pkg/schema/mixin.go:228.16,230.3 1 0
github.com/niiniyare/ruun/pkg/schema/mixin.go:232.2,232.18 1 0
github.com/niiniyare/ruun/pkg/schema/mixin.go:232.18,234.3 1 0
github.com/niiniyare/ruun/pkg/schema/mixin.go:237.2,238.33 2 0
github.com/niiniyare/ruun/pkg/schema/mixin.go:238.33,239.62 1 0
github.com/niiniyare/ruun/pkg/schema/mixin.go:239.62,241.4 1 0
github.com/niiniyare/ruun/pkg/schema/mixin.go:244.3,244.29 1 0
github.com/niiniyare/ruun/pkg/schema/mixin.go:244.29,250.4 1 0
github.com/niiniyare/ruun/pkg/schema/mixin.go:251.3,251.32 1 0
github.com/niiniyare/ruun/pkg/schema/mixin.go:255.2,255.35 1 0
github.com/niiniyare/ruun/pkg/schema/mixin.go:255.35,256.63 1 0
github.com/niiniyare/ruun/pkg/schema/mixin.go:256.63,258.4 1 0
github.com/niiniyare/ruun/pkg/schema/mixin.go:261.2,261.27 1 0
github.com/niiniyare/ruun/pkg/schema/mixin.go:261.27,263.3 1 0
github.com/niiniyare/ruun/pkg/schema/mixin.go:265.2,265.12 1 0
github.com/niiniyare/ruun/pkg/schema/mixin.go:269.32,281.2 1 0
github.com/niiniyare/ruun/pkg/schema/mixin.go:284.49,502.2 8 0
github.com/niiniyare/ruun/pkg/schema/mixin.go:506.54,507.21 1 0
github.com/niiniyare/ruun/pkg/schema/mixin.go:507.21,509.3 1 0
github.com/niiniyare/ruun/pkg/schema/mixin.go:510.2,512.13 3 0
github.com/niiniyare/ruun/pkg/schema/mixin.go:515.25,516.12 1 0
github.com/niiniyare/ruun/pkg/schema/mixin.go:516.12,518.3 1 0
github.com/niiniyare/ruun/pkg/schema/mixin.go:519.2,519.11 1 0
github.com/niiniyare/ruun/pkg/schema/repeatable.go:30.73,35.29 2 0
github.com/niiniyare/ruun/pkg/schema/repeatable.go:35.29,37.3 1 0
github.com/niiniyare/ruun/pkg/schema/repeatable.go:88.70,90.2 1 0
github.com/niiniyare/ruun/pkg/schema/repeatable.go:93.95,97.61 2 0
github.com/niiniyare/ruun/pkg/schema/repeatable.go:97.61,103.3 1 0
github.com/niiniyare/ruun/pkg/schema/repeatable.go:105.2,105.61 1 0
github.com/niiniyare/ruun/pkg/schema/repeatable.go:105.61,111.3 1 0
github.com/niiniyare/ruun/pkg/schema/repeatable.go:114.2,114.37 1 0
github.com/niiniyare/ruun/pkg/schema/repeatable.go:114.37,115.51 1 0
github.com/niiniyare/ruun/pkg/schema/repeatable.go:115.51,119.74 2 0
github.com/niiniyare/ruun/pkg/schema/repeatable.go:119.74,125.13 2 0
github.com/niiniyare/ruun/pkg/schema/repeatable.go:129.4,129.30 1 0
github.com/niiniyare/ruun/pkg/schema/repeatable.go:129.30,130.67 1 0
github.com/niiniyare/ruun/pkg/schema/repeatable.go:130.67,136.6 1 0
github.com/niiniyare/ruun/pkg/schema/repeatable.go:141.2,141.27 1 0
github.com/niiniyare/ruun/pkg/schema/repeatable.go:141.27,143.3 1 0
github.com/niiniyare/ruun/pkg/schema/repeatable.go:145.2,145.12 1 0
github.com/niiniyare/ruun/pkg/schema/repeatable.go:149.82,150.30 1 0
github.com/niiniyare/ruun/pkg/schema/repeatable.go:150.30,152.3 1 0
github.com/niiniyare/ruun/pkg/schema/repeatable.go:155.2,158.20 2 0
github.com/niiniyare/ruun/pkg/schema/repeatable.go:158.20,160.3 1 0
github.com/niiniyare/ruun/pkg/schema/repeatable.go:163.2,163.37 1 0
github.com/niiniyare/ruun/pkg/schema/repeatable.go:163.37,165.19 2 0
github.com/niiniyare/ruun/pkg/schema/repeatable.go:165.19,167.4 1 0
github.com/niiniyare/ruun/pkg/schema/repeatable.go:170.2,170.14 1 0
github.com/niiniyare/ruun/pkg/schema/repeatable.go:173.84,177.42 2 0
github.com/niiniyare/ruun/pkg/schema/repeatable.go:177.42,178.27 1 0
github.com/niiniyare/ruun/pkg/schema/repeatable.go:178.27,180.4 1 0
github.com/niiniyare/ruun/pkg/schema/repeatable.go:180.9,182.18 2 0
github.com/niiniyare/ruun/pkg/schema/repeatable.go:182.18,189.5 2 0
github.com/niiniyare/ruun/pkg/schema/repeatable.go:189.10,191.5 1 0
github.com/niiniyare/ruun/pkg/schema/repeatable.go:196.2,198.13 2 0
github.com/niiniyare/ruun/pkg/schema/repeatable.go:202.55,206.58 2 0
github.com/niiniyare/ruun/pkg/schema/repeatable.go:206.58,208.3 1 0
github.com/niiniyare/ruun/pkg/schema/repeatable.go:211.2,211.27 1 0
github.com/niiniyare/ruun/pkg/schema/repeatable.go:211.27,217.3 1 0
github.com/niiniyare/ruun/pkg/schema/repeatable.go:219.2,220.36 2 0
github.com/niiniyare/ruun/pkg/schema/repeatable.go:220.36,221.62 1 0
github.com/niiniyare/ruun/pkg/schema/repeatable.go:221.62,223.4 1 0
github.com/niiniyare/ruun/pkg/schema/repeatable.go:226.3,226.37 1 0
github.com/niiniyare/ruun/pkg/schema/repeatable.go:226.37,232.4 1 0
github.com/niiniyare/ruun/pkg/schema/repeatable.go:233.3,233.40 1 0
github.com/niiniyare/ruun/pkg/schema/repeatable.go:237.2,237.21 1 0
github.com/niiniyare/ruun/pkg/schema/repeatable.go:237.21,243.3 1 0
github.com/niiniyare/ruun/pkg/schema/repeatable.go:245.2,245.50 1 0
github.com/niiniyare/ruun/pkg/schema/repeatable.go:245.50,251.3 1 0
[...]
github.com/niiniyare/ruun/pkg/schema/schema.go:670.62,671.45 1 1
github.com/niiniyare/ruun/pkg/schema/schema.go:671.45,673.3 1 0
github.com/niiniyare/ruun/pkg/schema/schema.go:674.2,675.22 2 1
github.com/niiniyare/ruun/pkg/schema/schema.go:679.67,680.20 1 1
github.com/niiniyare/ruun/pkg/schema/schema.go:680.20,684.3 1 0
github.com/niiniyare/ruun/pkg/schema/schema.go:685.2,685.27 1 1
github.com/niiniyare/ruun/pkg/schema/schema.go:685.27,687.3 1 0
github.com/niiniyare/ruun/pkg/schema/schema.go:688.2,689.23 2 1
github.com/niiniyare/ruun/pkg/schema/schema.go:693.52,694.45 1 1
github.com/niiniyare/ruun/pkg/schema/schema.go:694.45,698.3 2 1
github.com/niiniyare/ruun/pkg/schema/schema.go:702.35,703.20 1 1
github.com/niiniyare/ruun/pkg/schema/schema.go:703.20,706.3 2 1
github.com/niiniyare/ruun/pkg/schema/schema.go:710.35,712.2 1 1
github.com/niiniyare/ruun/pkg/schema/schema.go:715.48,716.45 1 1
github.com/niiniyare/ruun/pkg/schema/schema.go:716.45,718.3 1 0
github.com/niiniyare/ruun/pkg/schema/schema.go:719.2,719.23 1 1
github.com/niiniyare/ruun/pkg/schema/schema.go:723.53,724.20 1 1
github.com/niiniyare/ruun/pkg/schema/schema.go:724.20,728.3 1 0
github.com/niiniyare/ruun/pkg/schema/schema.go:729.2,729.28 1 1
github.com/niiniyare/ruun/pkg/schema/schema.go:729.28,731.3 1 0
github.com/niiniyare/ruun/pkg/schema/schema.go:732.2,732.35 1 1
github.com/niiniyare/ruun/pkg/schema/schema.go:736.56,738.2 1 1
github.com/niiniyare/ruun/pkg/schema/schema.go:741.51,742.20 1 1
github.com/niiniyare/ruun/pkg/schema/schema.go:742.20,746.3 1 0
github.com/niiniyare/ruun/pkg/schema/schema.go:747.2,747.26 1 1
github.com/niiniyare/ruun/pkg/schema/schema.go:747.26,749.3 1 0
github.com/niiniyare/ruun/pkg/schema/schema.go:750.2,750.33 1 1
github.com/niiniyare/ruun/pkg/schema/schema.go:754.54,756.2 1 1
github.com/niiniyare/ruun/pkg/schema/schema.go:759.33,760.44 1 1
github.com/niiniyare/ruun/pkg/schema/schema.go:760.44,762.3 1 0
github.com/niiniyare/ruun/pkg/schema/schema.go:763.2,763.38 1 1
github.com/niiniyare/ruun/pkg/schema/schema.go:763.38,764.12 1 1
github.com/niiniyare/ruun/pkg/schema/schema.go:764.12,766.4 1 1
github.com/niiniyare/ruun/pkg/schema/schema.go:768.2,768.14 1 1
github.com/niiniyare/ruun/pkg/schema/schema.go:772.38,774.2 1 1
github.com/niiniyare/ruun/pkg/schema/schema.go:777.39,779.2 1 1
github.com/niiniyare/ruun/pkg/schema/schema.go:782.33,784.2 1 1
github.com/niiniyare/ruun/pkg/schema/schema.go:787.36,788.19 1 1
github.com/niiniyare/ruun/pkg/schema/schema.go:788.19,790.3 1 0
github.com/niiniyare/ruun/pkg/schema/schema.go:791.2,791.31 1 1
github.com/niiniyare/ruun/pkg/schema/schema.go:795.48,799.2 3 1
github.com/niiniyare/ruun/pkg/schema/schema.go:802.51,809.51 3 1
github.com/niiniyare/ruun/pkg/schema/schema.go:809.51,811.3 1 0
github.com/niiniyare/ruun/pkg/schema/schema.go:812.2,812.21 1 1
github.com/niiniyare/ruun/pkg/schema/schema.go:816.43,818.16 2 1
github.com/niiniyare/ruun/pkg/schema/schema.go:818.16,820.3 1 0
github.com/niiniyare/ruun/pkg/schema/schema.go:821.2,821.26 1 1
github.com/niiniyare/ruun/pkg/schema/schema.go:825.49,827.16 2 1
github.com/niiniyare/ruun/pkg/schema/schema.go:827.16,829.3 1 0
github.com/niiniyare/ruun/pkg/schema/schema.go:830.2,830.26 1 1
github.com/niiniyare/ruun/pkg/schema/schema.go:834.48,836.65 2 1
github.com/niiniyare/ruun/pkg/schema/schema.go:836.65,838.3 1 0
github.com/niiniyare/ruun/pkg/schema/schema.go:839.2,839.21 1 1
github.com/niiniyare/ruun/pkg/schema/schema.go:844.38,844.53 1 1
github.com/niiniyare/ruun/pkg/schema/schema.go:845.38,845.63 1 1
github.com/niiniyare/ruun/pkg/schema/schema.go:846.38,846.55 1 1
github.com/niiniyare/ruun/pkg/schema/schema.go:847.38,847.58 1 1
github.com/niiniyare/ruun/pkg/schema/schema.go:877.60,880.31 2 1
github.com/niiniyare/ruun/pkg/schema/schema.go:880.31,882.38 1 1
github.com/niiniyare/ruun/pkg/schema/schema.go:882.38,883.36 1 1
github.com/niiniyare/ruun/pkg/schema/schema.go:883.36,885.5 1 1
github.com/niiniyare/ruun/pkg/schema/schema.go:889.3,889.40 1 1
github.com/niiniyare/ruun/pkg/schema/schema.go:889.40,890.36 1 1
github.com/niiniyare/ruun/pkg/schema/schema.go:890.36,892.5 1 1
github.com/niiniyare/ruun/pkg/schema/schema.go:896.3,896.26 1 1
github.com/niiniyare/ruun/pkg/schema/schema.go:896.26,898.36 2 1
github.com/niiniyare/ruun/pkg/schema/schema.go:898.36,900.5 1 1
github.com/niiniyare/ruun/pkg/schema/schema.go:901.4,901.35 1 1
github.com/niiniyare/ruun/pkg/schema/schema.go:901.35,902.21 1 1
github.com/niiniyare/ruun/pkg/schema/schema.go:902.21,904.6 1 1
github.com/niiniyare/ruun/pkg/schema/schema.go:909.2,910.15 2 1
github.com/niiniyare/ruun/pkg/schema/schema.go:914.73,918.33 3 1
github.com/niiniyare/ruun/pkg/schema/schema.go:918.33,919.23 1 1
github.com/niiniyare/ruun/pkg/schema/schema.go:919.23,921.4 1 1
github.com/niiniyare/ruun/pkg/schema/schema.go:924.2,924.17 1 1
github.com/niiniyare/ruun/pkg/schema/schema.go:928.71,931.38 2 1
github.com/niiniyare/ruun/pkg/schema/schema.go:931.38,933.3 1 1
github.com/niiniyare/ruun/pkg/schema/schema.go:935.2,936.15 2 1
github.com/niiniyare/ruun/pkg/schema/theme.go:215.40,219.2 1 0
github.com/niiniyare/ruun/pkg/schema/theme.go:222.55,223.22 1 0
github.com/niiniyare/ruun/pkg/schema/theme.go:223.22,225.3 1 0
github.com/niiniyare/ruun/pkg/schema/theme.go:227.2,231.12 4 0
github.com/niiniyare/ruun/pkg/schema/theme.go:235.59,240.13 4 0
github.com/niiniyare/ruun/pkg/schema/theme.go:240.13,242.3 1 0
github.com/niiniyare/ruun/pkg/schema/theme.go:244.2,244.19 1 0
github.com/niiniyare/ruun/pkg/schema/theme.go:248.42,253.34 4 0
github.com/niiniyare/ruun/pkg/schema/theme.go:253.34,255.3 1 0
github.com/niiniyare/ruun/pkg/schema/theme.go:257.2,257.15 1 0
github.com/niiniyare/ruun/pkg/schema/theme.go:261.56,265.43 3 0
github.com/niiniyare/ruun/pkg/schema/theme.go:265.43,267.3 1 0
github.com/niiniyare/ruun/pkg/schema/theme.go:269.2,270.12 2 0
github.com/niiniyare/ruun/pkg/schema/theme.go:274.53,275.22 1 0
github.com/niiniyare/ruun/pkg/schema/theme.go:275.22,277.3 1 0
github.com/niiniyare/ruun/pkg/schema/theme.go:279.2,282.49 3 0
github.com/niiniyare/ruun/pkg/schema/theme.go:282.49,284.3 1 0
github.com/niiniyare/ruun/pkg/schema/theme.go:286.2,287.12 2 0
github.com/niiniyare/ruun/pkg/schema/theme.go:291.51,297.2 4 0
github.com/niiniyare/ruun/pkg/schema/theme.go:300.60,305.13 4 0
github.com/niiniyare/ruun/pkg/schema/theme.go:305.13,307.3 1 0
github.com/niiniyare/ruun/pkg/schema/theme.go:310.2,316.12 6 0
github.com/niiniyare/ruun/pkg/schema/theme.go:326.46,327.30 1 0
github.com/niiniyare/ruun/pkg/schema/theme.go:327.30,331.3 2 0
github.com/niiniyare/ruun/pkg/schema/theme.go:332.2,332.28 1 0
github.com/niiniyare/ruun/pkg/schema/theme.go:336.43,337.18 1 0
github.com/niiniyare/ruun/pkg/schema/theme.go:337.18,339.3 1 0
github.com/niiniyare/ruun/pkg/schema/theme.go:342.2,342.44 1 0
github.com/niiniyare/ruun/pkg/schema/theme.go:342.44,344.3 1 0
github.com/niiniyare/ruun/pkg/schema/theme.go:347.2,347.27 1 0
github.com/niiniyare/ruun/pkg/schema/theme.go:347.27,348.26 1 0
github.com/niiniyare/ruun/pkg/schema/theme.go:348.26,349.33 1 0
github.com/niiniyare/ruun/pkg/schema/theme.go:349.33,351.5 1 0
github.com/niiniyare/ruun/pkg/schema/theme.go:353.4,355.57 3 0
github.com/niiniyare/ruun/pkg/schema/theme.go:360.2,360.27 1 0
github.com/niiniyare/ruun/pkg/schema/theme.go:360.28,362.3 0 0
github.com/niiniyare/ruun/pkg/schema/theme.go:365.2,365.27 1 0
github.com/niiniyare/ruun/pkg/schema/theme.go:365.28,367.3 0 0
github.com/niiniyare/ruun/pkg/schema/theme.go:371.61,374.2 2 0
github.com/niiniyare/ruun/pkg/schema/theme.go:382.42,390.2 1 0
github.com/niiniyare/ruun/pkg/schema/theme.go:393.75,396.2 2 0
github.com/niiniyare/ruun/pkg/schema/theme.go:399.65,402.2 2 0
github.com/niiniyare/ruun/pkg/schema/theme.go:405.72,408.2 2 0
github.com/niiniyare/ruun/pkg/schema/theme.go:411.70,414.2 2 0
github.com/niiniyare/ruun/pkg/schema/theme.go:417.73,420.2 2 0
github.com/niiniyare/ruun/pkg/schema/theme.go:423.76,426.2 2 0
github.com/niiniyare/ruun/pkg/schema/theme.go:429.68,432.2 2 0
github.com/niiniyare/ruun/pkg/schema/theme.go:435.67,438.2 2 0
github.com/niiniyare/ruun/pkg/schema/theme.go:441.76,444.2 2 0
github.com/niiniyare/ruun/pkg/schema/theme.go:447.86,450.2 2 0
github.com/niiniyare/ruun/pkg/schema/theme.go:453.65,456.2 2 0
github.com/niiniyare/ruun/pkg/schema/theme.go:459.40,461.2 1 0
github.com/niiniyare/ruun/pkg/schema/theme.go:464.42,467.2 2 0
github.com/niiniyare/ruun/pkg/schema/theme.go:472.53,508.2 10 0
github.com/niiniyare/ruun/pkg/schema/theme.go:511.31,515.2 3 0
github.com/niiniyare/ruun/pkg/schema/theme.go:520.48,521.21 1 0
github.com/niiniyare/ruun/pkg/schema/theme.go:521.21,523.3 1 0
github.com/niiniyare/ruun/pkg/schema/theme.go:524.2,524.17 1 0
github.com/niiniyare/ruun/pkg/schema/theme.go:524.17,526.3 1 0
github.com/niiniyare/ruun/pkg/schema/theme.go:529.2,534.28 4 0
github.com/niiniyare/ruun/pkg/schema/theme.go:534.28,536.3 1 0
github.com/niiniyare/ruun/pkg/schema/theme.go:538.2,538.26 1 0
github.com/niiniyare/ruun/pkg/schema/theme.go:538.26,540.3 1 0
github.com/niiniyare/ruun/pkg/schema/theme.go:541.2,541.27 1 0
github.com/niiniyare/ruun/pkg/schema/theme.go:541.27,543.3 1 0
github.com/niiniyare/ruun/pkg/schema/theme.go:544.2,544.28 1 0
github.com/niiniyare/ruun/pkg/schema/theme.go:544.28,546.3 1 0
github.com/niiniyare/ruun/pkg/schema/theme.go:547.2,547.28 1 0
github.com/niiniyare/ruun/pkg/schema/theme.go:547.28,549.3 1 0
github.com/niiniyare/ruun/pkg/schema/theme.go:552.2,552.36 1 0
github.com/niiniyare/ruun/pkg/schema/theme.go:552.36,554.3 1 0
github.com/niiniyare/ruun/pkg/schema/theme.go:555.2,555.35 1 0
github.com/niiniyare/ruun/pkg/schema/theme.go:555.35,557.3 1 0
github.com/niiniyare/ruun/pkg/schema/theme.go:559.2,559.30 1 0
github.com/niiniyare/ruun/pkg/schema/theme.go:559.30,561.3 1 0
github.com/niiniyare/ruun/pkg/schema/theme.go:563.2,563.16 1 0
github.com/niiniyare/ruun/pkg/schema/theme.go:567.40,568.22 1 0
github.com/niiniyare/ruun/pkg/schema/theme.go:568.22,570.3 1 0
github.com/niiniyare/ruun/pkg/schema/theme.go:573.2,573.25 1 0
github.com/niiniyare/ruun/pkg/schema/theme.go:573.26,575.3 0 0
github.com/niiniyare/ruun/pkg/schema/theme.go:577.2,577.12 1 0
github.com/niiniyare/ruun/pkg/schema/theme.go:581.48,583.16 2 0
github.com/niiniyare/ruun/pkg/schema/theme.go:583.16,585.3 1 0
github.com/niiniyare/ruun/pkg/schema/theme.go:586.2,586.26 1 0
github.com/niiniyare/ruun/pkg/schema/theme.go:590.51,592.65 2 0
github.com/niiniyare/ruun/pkg/schema/theme.go:592.65,594.3 1 0
github.com/niiniyare/ruun/pkg/schema/theme.go:596.2,596.46 1 0
github.com/niiniyare/ruun/pkg/schema/theme.go:596.46,598.3 1 0
github.com/niiniyare/ruun/pkg/schema/theme.go:600.2,600.20 1 0
github.com/niiniyare/ruun/pkg/schema/tokens.go:246.40,250.2 1 0
github.com/niiniyare/ruun/pkg/schema/tokens.go:254.39,422.2 1 0
github.com/niiniyare/ruun/pkg/schema/tokens.go:427.56,431.13 3 0
github.com/niiniyare/ruun/pkg/schema/tokens.go:432.19,433.32 1 0
github.com/niiniyare/ruun/pkg/schema/tokens.go:434.17,435.30 1 0
github.com/niiniyare/ruun/pkg/schema/tokens.go:436.17,437.30 1 0
github.com/niiniyare/ruun/pkg/schema/tokens.go:438.17,439.30 1 0
github.com/niiniyare/ruun/pkg/schema/tokens.go:440.17,441.30 1 0
github.com/niiniyare/ruun/pkg/schema/tokens.go:442.18,443.30 1 0
github.com/niiniyare/ruun/pkg/schema/tokens.go:444.19,445.31 1 0
github.com/niiniyare/ruun/pkg/schema/tokens.go:446.10,447.30 1 0
github.com/niiniyare/ruun/pkg/schema/tokens.go:452.68,456.18 3 0
github.com/niiniyare/ruun/pkg/schema/tokens.go:457.20,458.18 1 0
github.com/niiniyare/ruun/pkg/schema/tokens.go:459.18,460.46 1 0
github.com/niiniyare/ruun/pkg/schema/tokens.go:461.17,462.45 1 0
github.com/niiniyare/ruun/pkg/schema/tokens.go:463.19,464.47 1 0
github.com/niiniyare/ruun/pkg/schema/tokens.go:465.18,466.46 1 0
github.com/niiniyare/ruun/pkg/schema/tokens.go:468.14,469.18 1 0
github.com/niiniyare/ruun/pkg/schema/tokens.go:470.18,471.40 1 0
github.com/niiniyare/ruun/pkg/schema/tokens.go:472.17,473.39 1 0
github.com/niiniyare/ruun/pkg/schema/tokens.go:474.19,475.41 1 0
github.com/niiniyare/ruun/pkg/schema/tokens.go:476.19,477.41 1 0
github.com/niiniyare/ruun/pkg/schema/tokens.go:478.15,479.37 1 0
github.com/niiniyare/ruun/pkg/schema/tokens.go:480.20,481.42 1 0
github.com/niiniyare/ruun/pkg/schema/tokens.go:483.16,484.18 1 0
github.com/niiniyare/ruun/pkg/schema/tokens.go:485.18,486.42 1 0
github.com/niiniyare/ruun/pkg/schema/tokens.go:487.16,488.40 1 0
github.com/niiniyare/ruun/pkg/schema/tokens.go:489.17,490.41 1 0
github.com/niiniyare/ruun/pkg/schema/tokens.go:491.17,492.41 1 0
github.com/niiniyare/ruun/pkg/schema/tokens.go:494.18,495.18 1 0
github.com/niiniyare/ruun/pkg/schema/tokens.go:496.18,497.44 1 0
github.com/niiniyare/ruun/pkg/schema/tokens.go:498.24,499.50 1 0
github.com/niiniyare/ruun/pkg/schema/tokens.go:500.16,501.42 1 0
github.com/niiniyare/ruun/pkg/schema/tokens.go:502.22,503.48 1 0
github.com/niiniyare/ruun/pkg/schema/tokens.go:504.18,505.44 1 0
github.com/niiniyare/ruun/pkg/schema/tokens.go:506.24,507.50 1 0
github.com/niiniyare/ruun/pkg/schema/tokens.go:508.15,509.41 1 0
github.com/niiniyare/ruun/pkg/schema/tokens.go:510.21,511.47 1 0
github.com/niiniyare/ruun/pkg/schema/tokens.go:513.17,514.18 1 0
github.com/niiniyare/ruun/pkg/schema/tokens.go:515.15,516.40 1 0
github.com/niiniyare/ruun/pkg/schema/tokens.go:517.16,518.41 1 0
github.com/niiniyare/ruun/pkg/schema/tokens.go:519.15,520.40 1 0
github.com/niiniyare/ruun/pkg/schema/tokens.go:521.17,522.42 1 0
github.com/niiniyare/ruun/pkg/schema/tokens.go:524.19,525.18 1 0
github.com/niiniyare/ruun/pkg/schema/tokens.go:526.15,527.42 1 0
github.com/niiniyare/ruun/pkg/schema/tokens.go:528.16,529.43 1 0
github.com/niiniyare/ruun/pkg/schema/tokens.go:530.15,531.42 1 0
github.com/niiniyare/ruun/pkg/schema/tokens.go:532.17,533.44 1 0
github.com/niiniyare/ruun/pkg/schema/tokens.go:536.2,536.38 1 0
github.com/niiniyare/ruun/pkg/schema/tokens.go:540.57,544.13 3 0
github.com/niiniyare/ruun/pkg/schema/tokens.go:545.12,546.43 1 0
github.com/niiniyare/ruun/pkg/schema/tokens.go:547.12,548.43 1 0
github.com/niiniyare/ruun/pkg/schema/tokens.go:549.20,550.45 1 0
github.com/niiniyare/ruun/pkg/schema/tokens.go:551.12,552.43 1 0
github.com/niiniyare/ruun/pkg/schema/tokens.go:553.12,554.43 1 0
github.com/niiniyare/ruun/pkg/schema/tokens.go:555.20,556.44 1 0
github.com/niiniyare/ruun/pkg/schema/tokens.go:557.21,558.45 1 0
github.com/niiniyare/ruun/pkg/schema/tokens.go:559.22,560.46 1 0
github.com/niiniyare/ruun/pkg/schema/tokens.go:561.10,562.45 1 0
github.com/niiniyare/ruun/pkg/schema/tokens.go:567.53,571.13 3 0
github.com/niiniyare/ruun/pkg/schema/tokens.go:572.12,573.28 1 0
github.com/niiniyare/ruun/pkg/schema/tokens.go:574.12,575.28 1 0
github.com/niiniyare/ruun/pkg/schema/tokens.go:576.12,577.28 1 0
github.com/niiniyare/ruun/pkg/schema/tokens.go:578.12,579.28 1 0
github.com/niiniyare/ruun/pkg/schema/tokens.go:580.12,581.28 1 0
github.com/niiniyare/ruun/pkg/schema/tokens.go:582.20,583.29 1 0
github.com/niiniyare/ruun/pkg/schema/tokens.go:584.10,585.28 1 0
github.com/niiniyare/ruun/pkg/schema/tokens.go:590.61,594.13 3 0
github.com/niiniyare/ruun/pkg/schema/tokens.go:595.14,596.39 1 0
github.com/niiniyare/ruun/pkg/schema/tokens.go:597.12,598.37 1 0
github.com/niiniyare/ruun/pkg/schema/tokens.go:599.12,600.37 1 0
github.com/niiniyare/ruun/pkg/schema/tokens.go:601.12,602.37 1 0
github.com/niiniyare/ruun/pkg/schema/tokens.go:603.12,604.37 1 0
github.com/niiniyare/ruun/pkg/schema/tokens.go:605.14,606.39 1 0
github.com/niiniyare/ruun/pkg/schema/tokens.go:607.10,608.37 1 0
github.com/niiniyare/ruun/pkg/schema/tokens.go:613.55,617.13 3 0
github.com/niiniyare/ruun/pkg/schema/tokens.go:618.14,619.32 1 0
github.com/niiniyare/ruun/pkg/schema/tokens.go:620.12,621.30 1 0
github.com/niiniyare/ruun/pkg/schema/tokens.go:622.12,623.30 1 0
github.com/niiniyare/ruun/pkg/schema/tokens.go:624.12,625.30 1 0
github.com/niiniyare/ruun/pkg/schema/tokens.go:626.12,627.30 1 0
github.com/niiniyare/ruun/pkg/schema/tokens.go:628.20,629.31 1 0
github.com/niiniyare/ruun/pkg/schema/tokens.go:630.15,631.33 1 0
github.com/niiniyare/ruun/pkg/schema/tokens.go:632.10,633.30 1 0
github.com/niiniyare/ruun/pkg/schema/tokens.go:638.58,642.2 3 0
github.com/niiniyare/ruun/pkg/schema/tokens.go:645.52,652.2 4 0
github.com/niiniyare/ruun/pkg/schema/tokens.go:661.42,662.25 1 0
github.com/niiniyare/ruun/pkg/schema/tokens.go:662.25,664.3 1 0
github.com/niiniyare/ruun/pkg/schema/tokens.go:665.2,665.29 1 0
github.com/niiniyare/ruun/pkg/schema/tokens.go:671.35,675.20 3 0
github.com/niiniyare/ruun/pkg/schema/tokens.go:675.20,677.3 1 0
github.com/niiniyare/ruun/pkg/schema/tokens.go:679.2,682.18 3 0
github.com/niiniyare/ruun/pkg/schema/tokens.go:683.17,684.34 1 0
github.com/niiniyare/ruun/pkg/schema/tokens.go:685.15,686.22 1 0
github.com/niiniyare/ruun/pkg/schema/tokens.go:686.22,688.4 1 0
github.com/niiniyare/ruun/pkg/schema/tokens.go:689.31,690.35 1 0
github.com/niiniyare/ruun/pkg/schema/tokens.go:691.14,692.31 1 0
github.com/niiniyare/ruun/pkg/schema/tokens.go:693.39,694.39 1 0
github.com/niiniyare/ruun/pkg/schema/tokens.go:695.16,696.33 1 0
github.com/niiniyare/ruun/pkg/schema/tokens.go:699.2,699.11 1 0
github.com/niiniyare/ruun/pkg/schema/tokens.go:705.25,707.2 1 0
github.com/niiniyare/ruun/pkg/schema/tokens.go:710.25,712.2 1 0
github.com/niiniyare/ruun/pkg/schema/tokens.go:715.25,717.2 1 0
github.com/niiniyare/ruun/pkg/schema/tokens.go:720.25,722.2 1 0
github.com/niiniyare/ruun/pkg/schema/tokens.go:725.25,727.2 1 0
github.com/niiniyare/ruun/pkg/schema/tokens.go:730.28,732.2 1 0
github.com/niiniyare/ruun/pkg/schema/tokens.go:735.30,737.2 1 0
github.com/niiniyare/ruun/pkg/schema/tokens.go:740.28,742.2 1 0
github.com/niiniyare/ruun/pkg/schema/tokens.go:745.26,747.2 1 0
github.com/niiniyare/ruun/pkg/schema/tokens.go:750.28,752.2 1 0
github.com/niiniyare/ruun/pkg/schema/tokens.go:755.25,757.2 1 0
github.com/niiniyare/ruun/pkg/schema/tokens.go:760.30,762.2 1 0
github.com/niiniyare/ruun/pkg/schema/tokens.go:765.24,767.2 1 0
github.com/niiniyare/ruun/pkg/schema/tokens.go:770.43,771.39 1 0
github.com/niiniyare/ruun/pkg/schema/tokens.go:771.39,773.3 1 0
github.com/niiniyare/ruun/pkg/schema/tokens.go:775.2,778.17 3 0
github.com/niiniyare/ruun/pkg/schema/tokens.go:778.17,780.3 1 0
github.com/niiniyare/ruun/pkg/schema/tokens.go:782.2,782.14 1 0
github.com/niiniyare/ruun/pkg/schema/tokens.go:786.64,789.33 2 0
github.com/niiniyare/ruun/pkg/schema/tokens.go:789.33,791.3 1 0
github.com/niiniyare/ruun/pkg/schema/tokens.go:793.2,793.17 1 0
github.com/niiniyare/ruun/pkg/schema/tokens.go:797.40,799.2 1 0
github.com/niiniyare/ruun/pkg/schema/tokens.go:802.43,805.20 2 0
github.com/niiniyare/ruun/pkg/schema/tokens.go:805.20,807.3 1 0
github.com/niiniyare/ruun/pkg/schema/tokens.go:809.2,815.32 2 0
github.com/niiniyare/ruun/pkg/schema/tokens.go:815.32,817.3 1 0
github.com/niiniyare/ruun/pkg/schema/tokens.go:819.2,819.12 1 0
github.com/niiniyare/ruun/pkg/schema/tokens.go:823.62,826.21 2 0
github.com/niiniyare/ruun/pkg/schema/tokens.go:826.21,828.3 1 0
github.com/niiniyare/ruun/pkg/schema/tokens.go:831.2,831.33 1 0
github.com/niiniyare/ruun/pkg/schema/tokens.go:831.33,833.3 1 0
github.com/niiniyare/ruun/pkg/schema/tokens.go:834.2,834.31 1 0
github.com/niiniyare/ruun/pkg/schema/tokens.go:834.31,836.3 1 0
github.com/niiniyare/ruun/pkg/schema/tokens.go:837.2,837.31 1 0
github.com/niiniyare/ruun/pkg/schema/tokens.go:837.31,839.3 1 0
github.com/niiniyare/ruun/pkg/schema/tokens.go:840.2,840.31 1 0
github.com/niiniyare/ruun/pkg/schema/tokens.go:840.31,842.3 1 0
github.com/niiniyare/ruun/pkg/schema/tokens.go:843.2,843.31 1 0
github.com/niiniyare/ruun/pkg/schema/tokens.go:843.31,845.3 1 0
github.com/niiniyare/ruun/pkg/schema/tokens.go:846.2,846.31 1 0
github.com/niiniyare/ruun/pkg/schema/tokens.go:846.31,848.3 1 0
github.com/niiniyare/ruun/pkg/schema/tokens.go:849.2,849.32 1 0
github.com/niiniyare/ruun/pkg/schema/tokens.go:849.32,851.3 1 0
github.com/niiniyare/ruun/pkg/schema/tokens.go:856.2,856.16 1 0
